This is XeTeX, Version 3.14159265-2.6-0.99996 (TeX Live 2016/W32TeX) (preloaded format=xelatex 2017.3.22)  10 JUN 2017 08:58
entering extended mode
 restricted \write18 enabled.
 %&-line parsing enabled.
**./diplom.tex
(./diplom.tex
LaTeX2e <2016/03/31>
Babel <3.9r> and hyphenation patterns for 83 language(s) loaded.
(./preambule.tex (c:/texlive/2016/texmf-dist/tex/latex/extsizes/extreport.cls
Document Class: extreport 1996/10/08 v1.0 Non Standard LaTeX document class
(c:/texlive/2016/texmf-dist/tex/latex/extsizes/size14.clo
File: size14.clo 1999/11/11 v1.4a NON-Standard LaTeX file (size option)
)
(c:/texlive/2016/texmf-dist/tex/latex/base/exscale.sty
Package: exscale 2014/09/29 v2.1h Standard LaTeX package exscale
LaTeX Font Info:    Redeclaring symbol font `largesymbols' on input line 57.
LaTeX Font Info:    Overwriting symbol font `largesymbols' in version `normal'
(Font)                  OMX/cmex/m/n --> OMX/cmex/m/n on input line 57.
LaTeX Font Info:    Overwriting symbol font `largesymbols' in version `bold'
(Font)                  OMX/cmex/m/n --> OMX/cmex/m/n on input line 57.
\big@size=\dimen102
)
\c@part=\count79
\c@chapter=\count80
\c@section=\count81
\c@subsection=\count82
\c@subsubsection=\count83
\c@paragraph=\count84
\c@subparagraph=\count85
\c@figure=\count86
\c@table=\count87
\abovecaptionskip=\skip41
\belowcaptionskip=\skip42
\bibindent=\dimen103
)
(c:/texlive/2016/texmf-dist/tex/latex/geometry/geometry.sty
Package: geometry 2010/09/12 v5.6 Page Geometry

(c:/texlive/2016/texmf-dist/tex/latex/graphics/keyval.sty
Package: keyval 2014/10/28 v1.15 key=value parser (DPC)
\KV@toks@=\toks14
)
(c:/texlive/2016/texmf-dist/tex/generic/oberdiek/ifpdf.sty
Package: ifpdf 2016/05/14 v3.1 Provides the ifpdf switch
)
(c:/texlive/2016/texmf-dist/tex/generic/oberdiek/ifvtex.sty
Package: ifvtex 2016/05/16 v1.6 Detect VTeX and its facilities (HO)
Package ifvtex Info: VTeX not detected.
)
(c:/texlive/2016/texmf-dist/tex/generic/ifxetex/ifxetex.sty
Package: ifxetex 2010/09/12 v0.6 Provides ifxetex conditional
)
\Gm@cnth=\count88
\Gm@cntv=\count89
\c@Gm@tempcnt=\count90
\Gm@bindingoffset=\dimen104
\Gm@wd@mp=\dimen105
\Gm@odd@mp=\dimen106
\Gm@even@mp=\dimen107
\Gm@layoutwidth=\dimen108
\Gm@layoutheight=\dimen109
\Gm@layouthoffset=\dimen110
\Gm@layoutvoffset=\dimen111
\Gm@dimlist=\toks15
)
(c:/texlive/2016/texmf-dist/tex/latex/placeins/placeins.sty
Package: placeins 2005/04/18  v 2.2
)
(c:/texlive/2016/texmf-dist/tex/latex/extsizes/extsizes.sty
Package: extsizes 1996/10/08 v1.0 Non Standard LaTeX Package


Package ExtSizes Warning: It is better to use one of the extsizes classes,
 if you can.

(c:/texlive/2016/texmf-dist/tex/latex/extsizes/size14.clo
File: size14.clo 1999/11/11 v1.4a NON-Standard LaTeX file (size option)
))
(c:/texlive/2016/texmf-dist/tex/latex/titlesec/titlesec.sty
Package: titlesec 2016/03/21 v2.10.2 Sectioning titles
\ttl@box=\box26
\beforetitleunit=\skip43
\aftertitleunit=\skip44
\ttl@plus=\dimen112
\ttl@minus=\dimen113
\ttl@toksa=\toks16
\titlewidth=\dimen114
\titlewidthlast=\dimen115
\titlewidthfirst=\dimen116
)
(c:/texlive/2016/texmf-dist/tex/latex/setspace/setspace.sty
Package: setspace 2011/12/19 v6.7a set line spacing
)
(c:/texlive/2016/texmf-dist/tex/latex/graphics/graphicx.sty
Package: graphicx 2014/10/28 v1.0g Enhanced LaTeX Graphics (DPC,SPQR)

(c:/texlive/2016/texmf-dist/tex/latex/graphics/graphics.sty
Package: graphics 2016/05/09 v1.0r Standard LaTeX Graphics (DPC,SPQR)

(c:/texlive/2016/texmf-dist/tex/latex/graphics/trig.sty
Package: trig 2016/01/03 v1.10 sin cos tan (DPC)
)
(c:/texlive/2016/texmf-dist/tex/latex/graphics-cfg/graphics.cfg
File: graphics.cfg 2016/01/02 v1.10 sample graphics configuration
)
Package graphics Info: Driver file: xetex.def on input line 96.

(c:/texlive/2016/texmf-dist/tex/xelatex/xetex-def/xetex.def
File: xetex.def 2016/04/06 v4.08 LaTeX color/graphics driver for XeTeX (TeX Liv
e/RRM/JK)

(c:/texlive/2016/texmf-dist/tex/generic/oberdiek/infwarerr.sty
Package: infwarerr 2016/05/16 v1.4 Providing info/warning/error messages (HO)
)
(c:/texlive/2016/texmf-dist/tex/generic/oberdiek/ltxcmds.sty
Package: ltxcmds 2016/05/16 v1.23 LaTeX kernel commands for general use (HO)
)))
\Gin@req@height=\dimen117
\Gin@req@width=\dimen118
)
(c:/texlive/2016/texmf-dist/tex/latex/amsfonts/amssymb.sty
Package: amssymb 2013/01/14 v3.01 AMS font symbols

(c:/texlive/2016/texmf-dist/tex/latex/amsfonts/amsfonts.sty
Package: amsfonts 2013/01/14 v3.01 Basic AMSFonts support
\@emptytoks=\toks17
\symAMSa=\mathgroup4
\symAMSb=\mathgroup5
LaTeX Font Info:    Overwriting math alphabet `\mathfrak' in version `bold'
(Font)                  U/euf/m/n --> U/euf/b/n on input line 106.
))
(c:/texlive/2016/texmf-dist/tex/latex/amsmath/amsmath.sty
Package: amsmath 2016/03/10 v2.15b AMS math features
\@mathmargin=\skip45

For additional information on amsmath, use the `?' option.
(c:/texlive/2016/texmf-dist/tex/latex/amsmath/amstext.sty
Package: amstext 2000/06/29 v2.01 AMS text

(c:/texlive/2016/texmf-dist/tex/latex/amsmath/amsgen.sty
File: amsgen.sty 1999/11/30 v2.0 generic functions
\@emptytoks=\toks18
\ex@=\dimen119
))
(c:/texlive/2016/texmf-dist/tex/latex/amsmath/amsbsy.sty
Package: amsbsy 1999/11/29 v1.2d Bold Symbols
\pmbraise@=\dimen120
)
(c:/texlive/2016/texmf-dist/tex/latex/amsmath/amsopn.sty
Package: amsopn 2016/03/08 v2.02 operator names
)
\inf@bad=\count91
LaTeX Info: Redefining \frac on input line 199.
\uproot@=\count92
\leftroot@=\count93
LaTeX Info: Redefining \overline on input line 297.
\classnum@=\count94
\DOTSCASE@=\count95
LaTeX Info: Redefining \ldots on input line 394.
LaTeX Info: Redefining \dots on input line 397.
LaTeX Info: Redefining \cdots on input line 518.
\Mathstrutbox@=\box27
\strutbox@=\box28
\big@size=\dimen121
LaTeX Font Info:    Redeclaring font encoding OML on input line 634.
LaTeX Font Info:    Redeclaring font encoding OMS on input line 635.
\macc@depth=\count96
\c@MaxMatrixCols=\count97
\dotsspace@=\muskip10
\c@parentequation=\count98
\dspbrk@lvl=\count99
\tag@help=\toks19
\row@=\count100
\column@=\count101
\maxfields@=\count102
\andhelp@=\toks20
\eqnshift@=\dimen122
\alignsep@=\dimen123
\tagshift@=\dimen124
\tagwidth@=\dimen125
\totwidth@=\dimen126
\lineht@=\dimen127
\@envbody=\toks21
\multlinegap=\skip46
\multlinetaggap=\skip47
\mathdisplay@stack=\toks22
LaTeX Info: Redefining \[ on input line 2739.
LaTeX Info: Redefining \] on input line 2740.
)
(c:/texlive/2016/texmf-dist/tex/latex/amscls/amsthm.sty
Package: amsthm 2015/03/04 v2.20.2
\thm@style=\toks23
\thm@bodyfont=\toks24
\thm@headfont=\toks25
\thm@notefont=\toks26
\thm@headpunct=\toks27
\thm@preskip=\skip48
\thm@postskip=\skip49
\thm@headsep=\skip50
\dth@everypar=\toks28
)
(c:/texlive/2016/texmf-dist/tex/latex/tools/indentfirst.sty
Package: indentfirst 1995/11/23 v1.03 Indent first paragraph (DPC)
)
(c:/texlive/2016/texmf-dist/tex/latex/graphics/color.sty
Package: color 2016/05/09 v1.1c Standard LaTeX Color (DPC)

(c:/texlive/2016/texmf-dist/tex/latex/graphics-cfg/color.cfg
File: color.cfg 2016/01/02 v1.6 sample color configuration
)
Package color Info: Driver file: xetex.def on input line 144.

(c:/texlive/2016/texmf-dist/tex/latex/graphics/dvipsnam.def
File: dvipsnam.def 2015/12/30 v3.0k Driver-dependent file (DPC,SPQR)
))
(c:/texlive/2016/texmf-dist/tex/latex/makecell/makecell.sty
Package: makecell 2009/08/03 V0.1e Managing of Tab Column Heads and Cells

(c:/texlive/2016/texmf-dist/tex/latex/tools/array.sty
Package: array 2014/10/28 v2.4c Tabular extension package (FMi)
\col@sep=\dimen128
\extrarowheight=\dimen129
\NC@list=\toks29
\extratabsurround=\skip51
\backup@length=\skip52
)
\rotheadsize=\dimen130
\c@nlinenum=\count103
\TeXr@lab=\toks30
)
(c:/texlive/2016/texmf-dist/tex/latex/multirow/multirow.sty
\bigstrutjot=\dimen131
)
(c:/texlive/2016/texmf-dist/tex/generic/ulem/ulem.sty
\UL@box=\box29
\UL@hyphenbox=\box30
\UL@skip=\skip53
\UL@hook=\toks31
\UL@height=\dimen132
\UL@pe=\count104
\UL@pixel=\dimen133
\ULC@box=\box31
Package: ulem 2012/05/18
\ULdepth=\dimen134
)
(c:/texlive/2016/texmf-dist/tex/latex/tocloft/tocloft.sty
Package: tocloft 2013/05/02 v2.3f parameterised ToC, etc., typesetting
Package tocloft Info: The document has chapter divisions on input line 44.
\cftparskip=\skip54
\cftbeforetoctitleskip=\skip55
\cftaftertoctitleskip=\skip56
\cftbeforepartskip=\skip57
\cftpartnumwidth=\skip58
\cftpartindent=\skip59
\cftbeforechapskip=\skip60
\cftchapindent=\skip61
\cftchapnumwidth=\skip62
\cftbeforesecskip=\skip63
\cftsecindent=\skip64
\cftsecnumwidth=\skip65
\cftbeforesubsecskip=\skip66
\cftsubsecindent=\skip67
\cftsubsecnumwidth=\skip68
\cftbeforesubsubsecskip=\skip69
\cftsubsubsecindent=\skip70
\cftsubsubsecnumwidth=\skip71
\cftbeforeparaskip=\skip72
\cftparaindent=\skip73
\cftparanumwidth=\skip74
\cftbeforesubparaskip=\skip75
\cftsubparaindent=\skip76
\cftsubparanumwidth=\skip77
\cftbeforeloftitleskip=\skip78
\cftafterloftitleskip=\skip79
\cftbeforefigskip=\skip80
\cftfigindent=\skip81
\cftfignumwidth=\skip82
\c@lofdepth=\count105
\c@lotdepth=\count106
\cftbeforelottitleskip=\skip83
\cftafterlottitleskip=\skip84
\cftbeforetabskip=\skip85
\cfttabindent=\skip86
\cfttabnumwidth=\skip87
)
(c:/texlive/2016/texmf-dist/tex/latex/import/import.sty
Package: import 2009/03/23  v 5.1
)
(c:/texlive/2016/texmf-dist/tex/latex/lastpage/lastpage.sty
Package: lastpage 2015/03/29 v1.2m Refers to last page's name (HMM; JPG)
)
(c:/texlive/2016/texmf-dist/tex/latex/etoolbox/etoolbox.sty
Package: etoolbox 2015/08/02 v2.2a e-TeX tools for LaTeX (JAW)
\etb@tempcnta=\count107
)
(c:/texlive/2016/texmf-dist/tex/latex/appendix/appendix.sty
Package: appendix 2009/09/02 v1.2b extra appendix facilities
\c@@pps=\count108
\c@@ppsavesec=\count109
\c@@ppsaveapp=\count110
)
(c:/texlive/2016/texmf-dist/tex/latex/pdfpages/pdfpages.sty
Package: pdfpages 2016/04/19 v0.5f Insert pages of external PDF documents (AM)

(c:/texlive/2016/texmf-dist/tex/latex/base/ifthen.sty
Package: ifthen 2014/09/29 v1.1c Standard LaTeX ifthen package (DPC)
)
(c:/texlive/2016/texmf-dist/tex/latex/tools/calc.sty
Package: calc 2014/10/28 v4.3 Infix arithmetic (KKT,FJ)
\calc@Acount=\count111
\calc@Bcount=\count112
\calc@Adimen=\dimen135
\calc@Bdimen=\dimen136
\calc@Askip=\skip88
\calc@Bskip=\skip89
LaTeX Info: Redefining \setlength on input line 80.
LaTeX Info: Redefining \addtolength on input line 81.
\calc@Ccount=\count113
\calc@Cskip=\skip90
)
(c:/texlive/2016/texmf-dist/tex/latex/eso-pic/eso-pic.sty
Package: eso-pic 2015/07/21 v2.0g eso-pic (RN)

(c:/texlive/2016/texmf-dist/tex/generic/oberdiek/atbegshi.sty
Package: atbegshi 2016/05/16 v1.17 At begin shipout hook (HO)
))
\AM@pagewidth=\dimen137
\AM@pageheight=\dimen138

(c:/texlive/2016/texmf-dist/tex/latex/pdfpages/ppxetex.def
File: ppxetex.def 2016/04/19 v0.5f Pdfpages driver for XeTeX (AM)
)
\AM@pagebox=\box32
\AM@global@opts=\toks32
\AM@toc@title=\toks33
\c@AM@survey=\count114
\AM@templatesizebox=\box33
)
(c:/texlive/2016/texmf-dist/tex/latex/listings/listings.sty
\lst@mode=\count115
\lst@gtempboxa=\box34
\lst@token=\toks34
\lst@length=\count116
\lst@currlwidth=\dimen139
\lst@column=\count117
\lst@pos=\count118
\lst@lostspace=\dimen140
\lst@width=\dimen141
\lst@newlines=\count119
\lst@lineno=\count120
\lst@maxwidth=\dimen142

(c:/texlive/2016/texmf-dist/tex/latex/listings/lstmisc.sty
File: lstmisc.sty 2015/06/04 1.6 (Carsten Heinz)
\c@lstnumber=\count121
\lst@skipnumbers=\count122
\lst@framebox=\box35
)
(c:/texlive/2016/texmf-dist/tex/latex/listings/listings.cfg
File: listings.cfg 2015/06/04 1.6 listings configuration
))
Package: listings 2015/06/04 1.6 (Carsten Heinz)

(c:/texlive/2016/texmf-dist/tex/xelatex/xunicode/xunicode.sty
File: xunicode.sty 2011/09/09 v0.981 provides access to latin accents and many 
other characters in Unicode lower plane

(c:/texlive/2016/texmf-dist/tex/latex/tipa/t3enc.def
File: t3enc.def 2001/12/31 T3 encoding
)
\tipaTiiicode=\count123
\tipasavetokens=\toks35
\tipachecktokens=\toks36
)
(c:/texlive/2016/texmf-dist/tex/xelatex/xecyr/xecyr.sty
Package: xecyr 2008/03/08 v1.0 Definitions for Cyrillic Babel/XeLaTeX compatibi
lity

(c:/texlive/2016/texmf-dist/tex/latex/xltxtra/xltxtra.sty
Package: xltxtra 2016/01/21 v0.6 Improvements for the "XeLaTeX" format

(c:/texlive/2016/texmf-dist/tex/generic/oberdiek/ifluatex.sty
Package: ifluatex 2016/05/16 v1.4 Provides the ifluatex switch (HO)
Package ifluatex Info: LuaTeX not detected.
)
(c:/texlive/2016/texmf-dist/tex/latex/fontspec/fontspec.sty
(c:/texlive/2016/texmf-dist/tex/latex/l3kernel/expl3.sty
Package: expl3 2016/05/18 v6512 L3 programming layer (loader) 

(c:/texlive/2016/texmf-dist/tex/latex/l3kernel/expl3-code.tex
Package: expl3 2016/05/18 v6512 L3 programming layer (code)
L3 Module: l3bootstrap 2016/02/12 v6412 L3 Bootstrap code
L3 Module: l3names 2016/03/11 v6433 L3 Namespace for primitives
L3 Module: l3basics 2015/11/22 v6315 L3 Basic definitions
L3 Module: l3expan 2015/09/10 v5983 L3 Argument expansion
L3 Module: l3tl 2016/03/26 v6465 L3 Token lists
L3 Module: l3str 2016/03/24 v6441 L3 Strings
L3 Module: l3seq 2015/08/05 v5777 L3 Sequences and stacks
L3 Module: l3int 2016/03/24 v6441 L3 Integers
\c_max_int=\count124
\l_tmpa_int=\count125
\l_tmpb_int=\count126
\g_tmpa_int=\count127
\g_tmpb_int=\count128
L3 Module: l3quark 2015/08/17 v5855 L3 Quarks
L3 Module: l3prg 2015/11/01 v6216 L3 Control structures
\g__prg_map_int=\count129
L3 Module: l3clist 2015/09/02 v5901 L3 Comma separated lists
L3 Module: l3token 2016/04/03 v6470 L3 Experimental token manipulation
L3 Module: l3prop 2016/01/05 v6366 L3 Property lists
L3 Module: l3msg 2016/03/26 v6464 L3 Messages
L3 Module: l3file 2016/03/25 v6458 L3 File and I/O operations
\l_iow_line_count_int=\count130
\l__iow_target_count_int=\count131
\l__iow_current_line_int=\count132
\l__iow_current_word_int=\count133
\l__iow_current_indentation_int=\count134
L3 Module: l3skip 2016/01/05 v6366 L3 Dimensions and skips
\c_zero_dim=\dimen143
\c_max_dim=\dimen144
\l_tmpa_dim=\dimen145
\l_tmpb_dim=\dimen146
\g_tmpa_dim=\dimen147
\g_tmpb_dim=\dimen148
\c_zero_skip=\skip91
\c_max_skip=\skip92
\l_tmpa_skip=\skip93
\l_tmpb_skip=\skip94
\g_tmpa_skip=\skip95
\g_tmpb_skip=\skip96
\c_zero_muskip=\muskip11
\c_max_muskip=\muskip12
\l_tmpa_muskip=\muskip13
\l_tmpb_muskip=\muskip14
\g_tmpa_muskip=\muskip15
\g_tmpb_muskip=\muskip16
L3 Module: l3keys 2015/11/17 v6284 L3 Key-value interfaces
\g__keyval_level_int=\count135
\l_keys_choice_int=\count136
L3 Module: l3fp 2016/03/26 v6465 L3 Floating points
\c__fp_leading_shift_int=\count137
\c__fp_middle_shift_int=\count138
\c__fp_trailing_shift_int=\count139
\c__fp_big_leading_shift_int=\count140
\c__fp_big_middle_shift_int=\count141
\c__fp_big_trailing_shift_int=\count142
\c__fp_Bigg_leading_shift_int=\count143
\c__fp_Bigg_middle_shift_int=\count144
\c__fp_Bigg_trailing_shift_int=\count145
L3 Module: l3box 2015/08/09 v5822 L3 Experimental boxes
\c_empty_box=\box36
\l_tmpa_box=\box37
\l_tmpb_box=\box38
\g_tmpa_box=\box39
\g_tmpb_box=\box40
L3 Module: l3coffins 2016/05/17 v6508 L3 Coffin code layer
\l__coffin_internal_box=\box41
\l__coffin_internal_dim=\dimen149
\l__coffin_offset_x_dim=\dimen150
\l__coffin_offset_y_dim=\dimen151
\l__coffin_x_dim=\dimen152
\l__coffin_y_dim=\dimen153
\l__coffin_x_prime_dim=\dimen154
\l__coffin_y_prime_dim=\dimen155
\c_empty_coffin=\box42
\l__coffin_aligned_coffin=\box43
\l__coffin_aligned_internal_coffin=\box44
\l_tmpa_coffin=\box45
\l_tmpb_coffin=\box46
\l__coffin_display_coffin=\box47
\l__coffin_display_coord_coffin=\box48
\l__coffin_display_pole_coffin=\box49
\l__coffin_display_offset_dim=\dimen156
\l__coffin_display_x_dim=\dimen157
\l__coffin_display_y_dim=\dimen158
L3 Module: l3color 2014/08/23 v5354 L3 Experimental color support
L3 Module: l3sys 2015/09/25 v6087 L3 Experimental system/runtime functions
L3 Module: l3candidates 2016/05/13 v6484 L3 Experimental additions to l3kernel
\l__box_top_dim=\dimen159
\l__box_bottom_dim=\dimen160
\l__box_left_dim=\dimen161
\l__box_right_dim=\dimen162
\l__box_top_new_dim=\dimen163
\l__box_bottom_new_dim=\dimen164
\l__box_left_new_dim=\dimen165
\l__box_right_new_dim=\dimen166
\l__box_internal_box=\box50
\l__coffin_bounding_shift_dim=\dimen167
\l__coffin_left_corner_dim=\dimen168
\l__coffin_right_corner_dim=\dimen169
\l__coffin_bottom_corner_dim=\dimen170
\l__coffin_top_corner_dim=\dimen171
\l__coffin_scaled_total_height_dim=\dimen172
\l__coffin_scaled_width_dim=\dimen173
L3 Module: l3luatex 2016/03/26 v6465 L3 Experimental LuaTeX-specific functions
)
(c:/texlive/2016/texmf-dist/tex/latex/l3kernel/l3xdvipdfmx.def
File: l3xdvidpfmx.def 2016/03/26 v6465 L3 Experimental driver: xdvipdfmx
\l__driver_tmp_box=\box51
))
(c:/texlive/2016/texmf-dist/tex/latex/l3packages/xparse/xparse.sty
Package: xparse 2016/05/18 v6512 L3 Experimental document command parser
\l__xparse_current_arg_int=\count146
\l__xparse_m_args_int=\count147
\l__xparse_mandatory_args_int=\count148
\l__xparse_processor_int=\count149
\l__xparse_v_nesting_int=\count150
)
Package: fontspec 2016/02/01 v2.5a Font selection for XeLaTeX and LuaLaTeX

(c:/texlive/2016/texmf-dist/tex/latex/fontspec/fontspec-xetex.sty
Package: fontspec-xetex 2016/02/01 v2.5a Font selection for XeLaTeX and LuaLaTe
X
\l_fontspec_script_int=\count151
\l_fontspec_language_int=\count152
\l_fontspec_strnum_int=\count153
\l__fontspec_tmpa_dim=\dimen174
\l__fontspec_tmpb_dim=\dimen175
\l__fontspec_tmpc_dim=\dimen176

*************************************************
* fontspec warning: "cm-default-obsolete"
* 
* The "cm-default" package option is obsolete.
*************************************************
\g__file_internal_ior=\read1
(c:/texlive/2016/texmf-dist/tex/latex/base/fontenc.sty
Package: fontenc 2005/09/27 v1.99g Standard LaTeX package

(c:/texlive/2016/texmf-dist/tex/latex/euenc/eu1enc.def
File: eu1enc.def 2010/05/27 v0.1h Experimental Unicode font encodings
)
LaTeX Font Info:    Try loading font information for EU1+lmr on input line 105.


(c:/texlive/2016/texmf-dist/tex/latex/euenc/eu1lmr.fd
File: eu1lmr.fd 2009/10/30 v1.6 Font defs for Latin Modern
))
.................................................
. LaTeX info: "xparse/define-command"
. 
. Defining command \__fontspec_post_arg:w with sig. 'mmO{}' on line 353.
.................................................
.................................................
. LaTeX info: "xparse/define-command"
. 
. Defining command \fontspec with sig. 'om' on line 355.
.................................................
.................................................
. LaTeX info: "xparse/define-command"
. 
. Defining command \setmainfont with sig. 'om' on line 365.
.................................................
.................................................
. LaTeX info: "xparse/define-command"
. 
. Defining command \setsansfont with sig. 'om' on line 375.
.................................................
.................................................
. LaTeX info: "xparse/define-command"
. 
. Defining command \setmonofont with sig. 'om' on line 385.
.................................................
.................................................
. LaTeX info: "xparse/define-command"
. 
. Defining command \setmathrm with sig. 'om' on line 399.
.................................................
.................................................
. LaTeX info: "xparse/define-command"
. 
. Defining command \setboldmathrm with sig. 'om' on line 407.
.................................................
.................................................
. LaTeX info: "xparse/define-command"
. 
. Defining command \setmathsf with sig. 'om' on line 415.
.................................................
.................................................
. LaTeX info: "xparse/define-command"
. 
. Defining command \setmathtt with sig. 'om' on line 423.
.................................................
.................................................
. LaTeX info: "xparse/define-command"
. 
. Defining command \newfontfamily with sig. 'mom' on line 437.
.................................................
.................................................
. LaTeX info: "xparse/define-command"
. 
. Defining command \newfontface with sig. 'mom' on line 453.
.................................................
.................................................
. LaTeX info: "xparse/define-command"
. 
. Defining command \defaultfontfeatures with sig. 't+om' on line 467.
.................................................
.................................................
. LaTeX info: "xparse/define-command"
. 
. Defining command \addfontfeatures with sig. 'm' on line 529.
.................................................
.................................................
. LaTeX info: "xparse/define-command"
. 
. Defining command \newfontfeature with sig. 'mm' on line 540.
.................................................
.................................................
. LaTeX info: "xparse/define-command"
. 
. Defining command \newAATfeature with sig. 'mmmm' on line 548.
.................................................
.................................................
. LaTeX info: "xparse/define-command"
. 
. Defining command \newopentypefeature with sig. 'mmm' on line 556.
.................................................
.................................................
. LaTeX info: "xparse/define-command"
. 
. Defining command \aliasfontfeature with sig. 'mm' on line 577.
.................................................
.................................................
. LaTeX info: "xparse/define-command"
. 
. Defining command \aliasfontfeatureoption with sig. 'mmm' on line 586.
.................................................
.................................................
. LaTeX info: "xparse/define-command"
. 
. Defining command \newfontscript with sig. 'mm' on line 590.
.................................................
.................................................
. LaTeX info: "xparse/define-command"
. 
. Defining command \newfontlanguage with sig. 'mm' on line 594.
.................................................
.................................................
. LaTeX info: "xparse/define-command"
. 
. Defining command \DeclareFontsExtensions with sig. 'm' on line 599.
.................................................
\l__fontspec_tmp_int=\count154

(c:/texlive/2016/texmf-dist/tex/latex/fontspec/fontspec.cfg)
LaTeX Info: Redefining \itshape on input line 2705.
LaTeX Info: Redefining \slshape on input line 2710.
LaTeX Info: Redefining \scshape on input line 2715.
LaTeX Info: Redefining \upshape on input line 2720.
\l__fontspec_em_int=\count155
\l__fontspec_emdef_int=\count156
LaTeX Info: Redefining \em on input line 2736.
LaTeX Info: Redefining \emph on input line 2742.
LaTeX Info: Redefining \- on input line 2746.
.................................................
. LaTeX info: "xparse/redefine-command"
. 
. Redefining command \oldstylenums with sig. 'm' on line 2841.
.................................................
.................................................
. LaTeX info: "xparse/define-command"
. 
. Defining command \liningnums with sig. 'm' on line 2845.
.................................................
))
(c:/texlive/2016/texmf-dist/tex/latex/realscripts/realscripts.sty
Package: realscripts 2016/02/13 v0.3d Access OpenType subscripts and superscrip
ts
.................................................
. LaTeX info: "xparse/define-command"
. 
. Defining command \fakesubscript with sig. 'm' on line 19.
.................................................
.................................................
. LaTeX info: "xparse/define-command"
. 
. Defining command \fakesuperscript with sig. 'm' on line 22.
.................................................
.................................................
. LaTeX info: "xparse/redefine-command"
. 
. Redefining command \textsubscript with sig. 's' on line 25.
.................................................
.................................................
. LaTeX info: "xparse/redefine-command"
. 
. Redefining command \textsuperscript with sig. 's' on line 28.
.................................................
.................................................
. LaTeX info: "xparse/define-command"
. 
. Defining command \realsubscript with sig. 'm' on line 45.
.................................................
.................................................
. LaTeX info: "xparse/define-command"
. 
. Defining command \realsuperscript with sig. 'm' on line 60.
.................................................
.................................................
. LaTeX info: "xparse/define-command"
. 
. Defining command \textsubsuperscript with sig. 'sO{l}mm' on line 138.
.................................................
.................................................
. LaTeX info: "xparse/define-command"
. 
. Defining command \textsupersubscript with sig. 'sO{l}mm' on line 143.
.................................................
\subsupersep=\dimen177
)
(c:/texlive/2016/texmf-dist/tex/latex/metalogo/metalogo.sty
Package: metalogo 2010/05/29 v0.12 Extended TeX logo macros
\xl@everylogo=\toks37
\xl@@everylogo=\toks38
LaTeX Info: Redefining \TeX on input line 193.
LaTeX Info: Redefining \LaTeX on input line 202.
LaTeX Info: Redefining \LaTeXe on input line 219.
)
\l__xetex_show_hyphens_wrapping_box=\box52
\l__xetex_show_hyphens_temp_box=\box53
\l__xetex_show_hyphens_final_box=\box54
\g__xetex_show_hyphens_word_box=\box55
))
\g__fontspec_family_TimesNewRoman_int=\count157
.................................................
. fontspec info: "defining-font"
. 
. Font family 'TimesNewRoman(0)' created for font 'Times New Roman' with
. options [Ligatures=TeX].
. 
. This font family consists of the following NFSS series/shapes:
. - 'normal' (m/n) with NFSS spec.: <->"Times New
. Roman/OT:script=latn;language=DFLT;mapping=tex-text;"
. - 'small caps'  (m/sc) with NFSS spec.: <->"Times New
. Roman/OT:script=latn;language=DFLT;mapping=tex-text;+smcp;"- 'bold' (bx/n)
. with NFSS spec.: <->"Times New
. Roman/B/OT:script=latn;language=DFLT;mapping=tex-text;"
. - 'bold small caps'  (bx/sc) with NFSS spec.: <->"Times New
. Roman/B/OT:script=latn;language=DFLT;mapping=tex-text;+smcp;"- 'italic'
. (m/it) with NFSS spec.: <->"Times New
. Roman/I/OT:script=latn;language=DFLT;mapping=tex-text;"
. - 'italic small caps'  (m/itsc) with NFSS spec.: <->"Times New
. Roman/I/OT:script=latn;language=DFLT;mapping=tex-text;+smcp;"- 'bold italic'
. (bx/it) with NFSS spec.: <->"Times New
. Roman/BI/OT:script=latn;language=DFLT;mapping=tex-text;"
. - 'bold italic small caps'  (bx/itsc) with NFSS spec.: <->"Times New
. Roman/BI/OT:script=latn;language=DFLT;mapping=tex-text;+smcp;"
.................................................
\g__fontspec_family_Arial_int=\count158
.................................................
. fontspec info: "defining-font"
. 
. Font family 'Arial(0)' created for font 'Arial' with options
. [Ligatures=TeX].
. 
. This font family consists of the following NFSS series/shapes:
. - 'normal' (m/n) with NFSS spec.:
. <->"Arial/OT:script=latn;language=DFLT;mapping=tex-text;"
. - 'small caps'  (m/sc) with NFSS spec.:
. <->"Arial/OT:script=latn;language=DFLT;mapping=tex-text;+smcp;"- 'bold'
. (bx/n) with NFSS spec.:
. <->"Arial/B/OT:script=latn;language=DFLT;mapping=tex-text;"
. - 'bold small caps'  (bx/sc) with NFSS spec.:
. <->"Arial/B/OT:script=latn;language=DFLT;mapping=tex-text;+smcp;"- 'italic'
. (m/it) with NFSS spec.:
. <->"Arial/I/OT:script=latn;language=DFLT;mapping=tex-text;"
. - 'italic small caps'  (m/itsc) with NFSS spec.:
. <->"Arial/I/OT:script=latn;language=DFLT;mapping=tex-text;+smcp;"- 'bold
. italic' (bx/it) with NFSS spec.:
. <->"Arial/BI/OT:script=latn;language=DFLT;mapping=tex-text;"
. - 'bold italic small caps'  (bx/itsc) with NFSS spec.:
. <->"Arial/BI/OT:script=latn;language=DFLT;mapping=tex-text;+smcp;"
.................................................
\g__fontspec_family_CourierNew_int=\count159
.................................................
. fontspec info: "defining-font"
. 
. Font family 'CourierNew(0)' created for font 'Courier New' with options
. [WordSpace={1,0,0},PunctuationSpace=WordSpace].
. 
. This font family consists of the following NFSS series/shapes:
. - 'normal' (m/n) with NFSS spec.: <->"Courier
. New/OT:script=latn;language=DFLT;"
. - 'small caps'  (m/sc) with NFSS spec.: 
. and font adjustment code:
. \fontdimen 2\font =1\fontdimen 2\font \fontdimen 3\font =0\fontdimen 3\font
. \fontdimen 4\font =0\fontdimen 4\font \fontdimen 7\font =0\fontdimen 2\font
. - 'bold' (bx/n) with NFSS spec.: <->"Courier
. New/B/OT:script=latn;language=DFLT;"
. - 'bold small caps'  (bx/sc) with NFSS spec.: 
. and font adjustment code:
. \fontdimen 2\font =1\fontdimen 2\font \fontdimen 3\font =0\fontdimen 3\font
. \fontdimen 4\font =0\fontdimen 4\font \fontdimen 7\font =0\fontdimen 2\font
. - 'italic' (m/it) with NFSS spec.: <->"Courier
. New/I/OT:script=latn;language=DFLT;"
. - 'italic small caps'  (m/itsc) with NFSS spec.: 
. and font adjustment code:
. \fontdimen 2\font =1\fontdimen 2\font \fontdimen 3\font =0\fontdimen 3\font
. \fontdimen 4\font =0\fontdimen 4\font \fontdimen 7\font =0\fontdimen 2\font
. - 'bold italic' (bx/it) with NFSS spec.: <->"Courier
. New/BI/OT:script=latn;language=DFLT;"
. - 'bold italic small caps'  (bx/itsc) with NFSS spec.: 
. and font adjustment code:
. \fontdimen 2\font =1\fontdimen 2\font \fontdimen 3\font =0\fontdimen 3\font
. \fontdimen 4\font =0\fontdimen 4\font \fontdimen 7\font =0\fontdimen 2\font 
.................................................
.................................................
. fontspec info: "defining-font"
. 
. Font family 'TimesNewRoman(1)' created for font 'Times New Roman' with
. options [Script=Cyrillic].
. 
. This font family consists of the following NFSS series/shapes:
. - 'normal' (m/n) with NFSS spec.: <->"Times New
. Roman/OT:script=cyrl;language=DFLT;"
. - 'small caps'  (m/sc) with NFSS spec.: <->"Times New
. Roman/OT:script=cyrl;language=DFLT;+smcp;"- 'bold' (bx/n) with NFSS spec.:
. <->"Times New Roman/B/OT:script=cyrl;language=DFLT;"
. - 'bold small caps'  (bx/sc) with NFSS spec.: <->"Times New
. Roman/B/OT:script=cyrl;language=DFLT;+smcp;"- 'italic' (m/it) with NFSS
. spec.: <->"Times New Roman/I/OT:script=cyrl;language=DFLT;"
. - 'italic small caps'  (m/itsc) with NFSS spec.: <->"Times New
. Roman/I/OT:script=cyrl;language=DFLT;+smcp;"- 'bold italic' (bx/it) with
. NFSS spec.: <->"Times New Roman/BI/OT:script=cyrl;language=DFLT;"
. - 'bold italic small caps'  (bx/itsc) with NFSS spec.: <->"Times New
. Roman/BI/OT:script=cyrl;language=DFLT;+smcp;"
.................................................
.................................................
. fontspec info: "defining-font"
. 
. Font family 'Arial(1)' created for font 'Arial' with options
. [Script=Cyrillic].
. 
. This font family consists of the following NFSS series/shapes:
. - 'normal' (m/n) with NFSS spec.: <->"Arial/OT:script=cyrl;language=DFLT;"
. - 'small caps'  (m/sc) with NFSS spec.:
. <->"Arial/OT:script=cyrl;language=DFLT;+smcp;"- 'bold' (bx/n) with NFSS
. spec.: <->"Arial/B/OT:script=cyrl;language=DFLT;"
. - 'bold small caps'  (bx/sc) with NFSS spec.:
. <->"Arial/B/OT:script=cyrl;language=DFLT;+smcp;"- 'italic' (m/it) with NFSS
. spec.: <->"Arial/I/OT:script=cyrl;language=DFLT;"
. - 'italic small caps'  (m/itsc) with NFSS spec.:
. <->"Arial/I/OT:script=cyrl;language=DFLT;+smcp;"- 'bold italic' (bx/it) with
. NFSS spec.: <->"Arial/BI/OT:script=cyrl;language=DFLT;"
. - 'bold italic small caps'  (bx/itsc) with NFSS spec.:
. <->"Arial/BI/OT:script=cyrl;language=DFLT;+smcp;"
.................................................

*************************************************
* fontspec warning: "script-not-exist-latn"
* 
* Font 'Courier New' does not contain script 'Cyrillic'.
* 'Latin' script used instead.
*************************************************
.................................................
. fontspec info: "defining-font"
. 
. Font family 'CourierNew(1)' created for font 'Courier New' with options
. [Script=Cyrillic].
. 
. This font family consists of the following NFSS series/shapes:
. - 'normal' (m/n) with NFSS spec.: <->"Courier
. New/OT:script=latn;language=DFLT;"
. - 'small caps'  (m/sc) with NFSS spec.: - 'bold' (bx/n) with NFSS spec.:
. <->"Courier New/B/OT:script=latn;language=DFLT;"
. - 'bold small caps'  (bx/sc) with NFSS spec.: - 'italic' (m/it) with NFSS
. spec.: <->"Courier New/I/OT:script=latn;language=DFLT;"
. - 'italic small caps'  (m/itsc) with NFSS spec.: - 'bold italic' (bx/it)
. with NFSS spec.: <->"Courier New/BI/OT:script=latn;language=DFLT;"
. - 'bold italic small caps'  (bx/itsc) with NFSS spec.: 
.................................................
(c:/texlive/2016/texmf-dist/tex/latex/polyglossia/polyglossia.sty
Package: polyglossia 2015/03/25 v1.42.4 Alternative to Babel for XeLaTeX and Lu
aLaTeX

(c:/texlive/2016/texmf-dist/tex/latex/makecmds/makecmds.sty
Package: makecmds 2009/09/03 v1.0a extra command making commands
)
(c:/texlive/2016/texmf-dist/tex/latex/xkeyval/xkeyval.sty
Package: xkeyval 2014/12/03 v2.7a package option processing (HA)

(c:/texlive/2016/texmf-dist/tex/generic/xkeyval/xkeyval.tex
(c:/texlive/2016/texmf-dist/tex/generic/xkeyval/xkvutils.tex
\XKV@toks=\toks39
\XKV@tempa@toks=\toks40
)
\XKV@depth=\count160
File: xkeyval.tex 2014/12/03 v2.7a key=value parser (HA)
))
\xpg@normalclass=\XeTeXcharclass1
)
(c:/texlive/2016/texmf-dist/tex/latex/polyglossia/gloss-russian.ldf
File: gloss-russian.ldf polyglossia: module for russian

(c:/texlive/2016/texmf-dist/tex/latex/polyglossia/babelsh.def
File: babelsh.def 2013/04/30 Babel common definitions for shorthands
 Taken verbatim from babel.def (2013/04/15 v3.9e)
)
Package polyglossia Info: Making " an active character on input line 41.
)

Package polyglossia Warning: File gloss-engish.ldf does not exist!
(polyglossia)                I will nevertheless try to use hyphenation pattern
s for engish. on input line 35.


Package polyglossia Warning: \setlocalhyphenmin useless for unknown language en
gish on input line 35.


Package polyglossia Warning: No hyphenation patterns were loaded for `Engish'
(polyglossia)                I will use \language=\l@nohyphenation instead on i
nput line 35.

\l@engish = a dialect from \language\l@nohyphenation 
(c:/texlive/2016/texmf-dist/tex/latex/polyglossia/gloss-greek.ldf
File: gloss-greek.ldf polyglossia: module for greek

(c:/texlive/2016/texmf-dist/tex/latex/polyglossia/xgreek-fixes.def)
\@attic@num=\count161
)
(c:/texlive/2016/texmf-dist/tex/latex/caption/caption.sty
Package: caption 2016/02/21 v3.3-144 Customizing captions (AR)

(c:/texlive/2016/texmf-dist/tex/latex/caption/caption3.sty
Package: caption3 2016/02/04 v1.7-139 caption3 kernel (AR)
Package caption3 Info: TeX engine: e-TeX on input line 67.
\captionmargin=\dimen178
\captionmargin@=\dimen179
\captionwidth=\dimen180
\caption@tempdima=\dimen181
\caption@indent=\dimen182
\caption@parindent=\dimen183
\caption@hangindent=\dimen184
)
\c@ContinuedFloat=\count162
Package caption Info: listings package is loaded.
)
Invalid UTF-8 byte or sequence at line 40 replaced by U+FFFD.
Invalid UTF-8 byte or sequence at line 40 replaced by U+FFFD.
Invalid UTF-8 byte or sequence at line 40 replaced by U+FFFD.
Invalid UTF-8 byte or sequence at line 40 replaced by U+FFFD.
Invalid UTF-8 byte or sequence at line 40 replaced by U+FFFD.
Invalid UTF-8 byte or sequence at line 40 replaced by U+FFFD.
Invalid UTF-8 byte or sequence at line 40 replaced by U+FFFD.

(c:/texlive/2016/texmf-dist/tex/latex/caption/subcaption.sty
Package: subcaption 2016/02/20 v1.1-142 Sub-captions (AR)
\c@subfigure=\count163
\c@subtable=\count164
)
Invalid UTF-8 byte or sequence at line 41 replaced by U+FFFD.
Invalid UTF-8 byte or sequence at line 41 replaced by U+FFFD.
Invalid UTF-8 byte or sequence at line 41 replaced by U+FFFD.
Invalid UTF-8 byte or sequence at line 41 replaced by U+FFFD.
Invalid UTF-8 byte or sequence at line 41 replaced by U+FFFD.
Invalid UTF-8 byte or sequence at line 41 replaced by U+FFFD.
Invalid UTF-8 byte or sequence at line 41 replaced by U+FFFD.

(c:/texlive/2016/texmf-dist/tex/latex/fancyhdr/fancyhdr.sty
\fancy@headwidth=\skip97
\f@ncyO@elh=\skip98
\f@ncyO@erh=\skip99
\f@ncyO@olh=\skip100
\f@ncyO@orh=\skip101
\f@ncyO@elf=\skip102
\f@ncyO@erf=\skip103
\f@ncyO@olf=\skip104
\f@ncyO@orf=\skip105
)
Invalid UTF-8 byte or sequence at line 95 replaced by U+FFFD.
Invalid UTF-8 byte or sequence at line 95 replaced by U+FFFD.
Invalid UTF-8 byte or sequence at line 95 replaced by U+FFFD.

(c:/texlive/2016/texmf-dist/tex/latex/natbib/natbib.sty
Package: natbib 2010/09/13 8.31b (PWD, AO)
\bibhang=\skip106
\bibsep=\skip107
\c@NAT@ctr=\count165
)
\c@totfigures=\count166
\c@tottables=\count167
\c@totreferences=\count168


! LaTeX Error: Command \l already defined.
               Or name \end... illegal, see p.192 of the manual.

See the LaTeX manual or LaTeX Companion for explanation.
Type  H <return>  for immediate help.
 ...                                              
                                                  
l.130 ...ies\@dottedtocline{0}{0pt}{0pt}{#1}{#2}}}
                                                  
Your command was ignored.
Type  I <command> <return>  to replace it with another command,
or  <return>  to continue without it.


! LaTeX Error: Missing \begin{document}.

See the LaTeX manual or LaTeX Companion for explanation.
Type  H <return>  for immediate help.
 ...                                              
                                                  
l.130 ...ies\@dottedtocline{0}{0pt}{0pt}{#1}{#2}}}
                                                  
You're in trouble here.  Try typing  <return>  to proceed.
If that doesn't work, type  X <return>  to quit.

! Missing number, treated as zero.
<to be read again> 
                   l
l.130 ...ies\@dottedtocline{0}{0pt}{0pt}{#1}{#2}}}
                                                  
A number should have been here; I inserted `0'.
(If you can't figure out why I needed to see a number,
look up `weird error' in the index to The TeXbook.)

! You already have nine parameters.
\reserved@a ...def \expandafter \l \reserved@b #10
                                                  l{
l.130 ...ies\@dottedtocline{0}{0pt}{0pt}{#1}{#2}}}
                                                  
I'm going to ignore the # sign you just used.

! You can't use `macro parameter character #' in horizontal mode.
<argument> ...ries \@dottedtocline{0}{0pt}{0pt}{##
                                                  1}{##2}}
l.130 ...ies\@dottedtocline{0}{0pt}{0pt}{#1}{#2}}}
                                                  
Sorry, but I'm not programmed to handle this case;
I'll just pretend that you didn't ask for it.
If you're in the wrong mode, you might be able to
return to the right one by typing `I}' or `I$' or `I\par'.

! You can't use `macro parameter character #' in horizontal mode.
<argument> ...\@dottedtocline{0}{0pt}{0pt}{##1}{##
                                                  2}}
l.130 ...ies\@dottedtocline{0}{0pt}{0pt}{#1}{#2}}}
                                                  
Sorry, but I'm not programmed to handle this case;
I'll just pretend that you didn't ask for it.
If you're in the wrong mode, you might be able to
return to the right one by typing `I}' or `I$' or `I\par'.

Invalid UTF-8 byte or sequence at line 137 replaced by U+FFFD.
Invalid UTF-8 byte or sequence at line 137 replaced by U+FFFD.
Invalid UTF-8 byte or sequence at line 137 replaced by U+FFFD.
Invalid UTF-8 byte or sequence at line 137 replaced by U+FFFD.
Invalid UTF-8 byte or sequence at line 137 replaced by U+FFFD.
Invalid UTF-8 byte or sequence at line 137 replaced by U+FFFD.
Invalid UTF-8 byte or sequence at line 137 replaced by U+FFFD.
Invalid UTF-8 byte or sequence at line 137 replaced by U+FFFD.
Invalid UTF-8 byte or sequence at line 137 replaced by U+FFFD.
Invalid UTF-8 byte or sequence at line 137 replaced by U+FFFD.
Invalid UTF-8 byte or sequence at line 137 replaced by U+FFFD.
Invalid UTF-8 byte or sequence at line 137 replaced by U+FFFD.
Invalid UTF-8 byte or sequence at line 137 replaced by U+FFFD.
Invalid UTF-8 byte or sequence at line 137 replaced by U+FFFD.
Invalid UTF-8 byte or sequence at line 137 replaced by U+FFFD.
Invalid UTF-8 byte or sequence at line 137 replaced by U+FFFD.
(c:/texlive/2016/texmf-dist/tex/latex/enumitem/enumitem.sty
Package: enumitem 2011/09/28 v3.5.2 Customized lists
\labelindent=\skip108
\enit@outerparindent=\dimen185
\enit@toks=\toks41
\enit@inbox=\box56
\enitdp@description=\count169
)
Invalid UTF-8 byte or sequence at line 149 replaced by U+FFFD.

(c:/texlive/2016/texmf-dist/tex/latex/algorithms/algorithm.sty
Invalid UTF-8 byte or sequence at line 11 replaced by U+FFFD.
Package: algorithm 2009/08/24 v0.1 Document Style `algorithm' - floating enviro
nment

(c:/texlive/2016/texmf-dist/tex/latex/float/float.sty
Package: float 2001/11/08 v1.3d Float enhancements (AL)
\c@float@type=\count170
\float@exts=\toks42
\float@box=\box57
\@float@everytoks=\toks43
\@floatcapt=\box58
)
\@float@every@algorithm=\toks44
\c@algorithm=\count171
)
Invalid UTF-8 byte or sequence at line 158 replaced by U+FFFD.
Invalid UTF-8 byte or sequence at line 158 replaced by U+FFFD.
Invalid UTF-8 byte or sequence at line 158 replaced by U+FFFD.
Invalid UTF-8 byte or sequence at line 158 replaced by U+FFFD.

(c:/texlive/2016/texmf-dist/tex/latex/algorithmicx/algpseudocode.sty
Package: algpseudocode 

(c:/texlive/2016/texmf-dist/tex/latex/algorithmicx/algorithmicx.sty
Package: algorithmicx 2005/04/27 v1.2 Algorithmicx

Document Style algorithmicx 1.2 - a greatly improved `algorithmic' style
\c@ALG@line=\count172
\c@ALG@rem=\count173
\c@ALG@nested=\count174
\ALG@tlm=\skip109
\ALG@thistlm=\skip110
\c@ALG@Lnr=\count175
\c@ALG@blocknr=\count176
\c@ALG@storecount=\count177
\c@ALG@tmpcounter=\count178
\ALG@tmplength=\skip111
)
Document Style - pseudocode environments for use with the `algorithmicx' style
)
Invalid UTF-8 byte or sequence at line 159 replaced by U+FFFD.
Invalid UTF-8 byte or sequence at line 159 replaced by U+FFFD.
Invalid UTF-8 byte or sequence at line 159 replaced by U+FFFD.
Invalid UTF-8 byte or sequence at line 159 replaced by U+FFFD.
Invalid UTF-8 byte or sequence at line 159 replaced by U+FFFD.
Invalid UTF-8 byte or sequence at line 159 replaced by U+FFFD.
Invalid UTF-8 byte or sequence at line 159 replaced by U+FFFD.
Invalid UTF-8 byte or sequence at line 160 replaced by U+FFFD.
Invalid UTF-8 byte or sequence at line 160 replaced by U+FFFD.
Invalid UTF-8 byte or sequence at line 160 replaced by U+FFFD.
Invalid UTF-8 byte or sequence at line 160 replaced by U+FFFD.
Invalid UTF-8 byte or sequence at line 160 replaced by U+FFFD.
Invalid UTF-8 byte or sequence at line 160 replaced by U+FFFD.
Invalid UTF-8 byte or sequence at line 160 replaced by U+FFFD.
Invalid UTF-8 byte or sequence at line 161 replaced by U+FFFD.
Invalid UTF-8 byte or sequence at line 161 replaced by U+FFFD.
Invalid UTF-8 byte or sequence at line 161 replaced by U+FFFD.
Invalid UTF-8 byte or sequence at line 161 replaced by U+FFFD.
Invalid UTF-8 byte or sequence at line 161 replaced by U+FFFD.
Invalid UTF-8 byte or sequence at line 161 replaced by U+FFFD.
Invalid UTF-8 byte or sequence at line 161 replaced by U+FFFD.
Invalid UTF-8 byte or sequence at line 161 replaced by U+FFFD.
Invalid UTF-8 byte or sequence at line 161 replaced by U+FFFD.
Invalid UTF-8 byte or sequence at line 161 replaced by U+FFFD.
Invalid UTF-8 byte or sequence at line 161 replaced by U+FFFD.
Invalid UTF-8 byte or sequence at line 161 replaced by U+FFFD.
Invalid UTF-8 byte or sequence at line 162 replaced by U+FFFD.
Invalid UTF-8 byte or sequence at line 162 replaced by U+FFFD.
Invalid UTF-8 byte or sequence at line 162 replaced by U+FFFD.
Invalid UTF-8 byte or sequence at line 162 replaced by U+FFFD.
Invalid UTF-8 byte or sequence at line 162 replaced by U+FFFD.
Invalid UTF-8 byte or sequence at line 162 replaced by U+FFFD.
Invalid UTF-8 byte or sequence at line 162 replaced by U+FFFD.
Invalid UTF-8 byte or sequence at line 163 replaced by U+FFFD.
Invalid UTF-8 byte or sequence at line 163 replaced by U+FFFD.
Invalid UTF-8 byte or sequence at line 163 replaced by U+FFFD.
Invalid UTF-8 byte or sequence at line 163 replaced by U+FFFD.
Invalid UTF-8 byte or sequence at line 163 replaced by U+FFFD.
Invalid UTF-8 byte or sequence at line 164 replaced by U+FFFD.
Invalid UTF-8 byte or sequence at line 164 replaced by U+FFFD.
Invalid UTF-8 byte or sequence at line 164 replaced by U+FFFD.
Invalid UTF-8 byte or sequence at line 164 replaced by U+FFFD.
Invalid UTF-8 byte or sequence at line 164 replaced by U+FFFD.
Invalid UTF-8 byte or sequence at line 165 replaced by U+FFFD.
Invalid UTF-8 byte or sequence at line 165 replaced by U+FFFD.
Invalid UTF-8 byte or sequence at line 165 replaced by U+FFFD.
Invalid UTF-8 byte or sequence at line 165 replaced by U+FFFD.
Invalid UTF-8 byte or sequence at line 165 replaced by U+FFFD.
Invalid UTF-8 byte or sequence at line 166 replaced by U+FFFD.
Invalid UTF-8 byte or sequence at line 166 replaced by U+FFFD.
Invalid UTF-8 byte or sequence at line 166 replaced by U+FFFD.
Invalid UTF-8 byte or sequence at line 166 replaced by U+FFFD.
Invalid UTF-8 byte or sequence at line 166 replaced by U+FFFD.
Invalid UTF-8 byte or sequence at line 166 replaced by U+FFFD.
Invalid UTF-8 byte or sequence at line 166 replaced by U+FFFD.
Invalid UTF-8 byte or sequence at line 166 replaced by U+FFFD.
Invalid UTF-8 byte or sequence at line 166 replaced by U+FFFD.
Invalid UTF-8 byte or sequence at line 166 replaced by U+FFFD.
 (c:/texlive/2016/texmf-dist/tex/latex/hyperref/hyperref.sty
Package: hyperref 2016/05/05 v6.83n Hypertext links for LaTeX

(c:/texlive/2016/texmf-dist/tex/generic/oberdiek/hobsub-hyperref.sty
Package: hobsub-hyperref 2016/05/16 v1.14 Bundle oberdiek, subset hyperref (HO)


(c:/texlive/2016/texmf-dist/tex/generic/oberdiek/hobsub-generic.sty
Package: hobsub-generic 2016/05/16 v1.14 Bundle oberdiek, subset generic (HO)
Package: hobsub 2016/05/16 v1.14 Construct package bundles (HO)
Package hobsub Info: Skipping package `infwarerr' (already loaded).
Package hobsub Info: Skipping package `ltxcmds' (already loaded).
Package hobsub Info: Skipping package `ifluatex' (already loaded).
Package hobsub Info: Skipping package `ifvtex' (already loaded).
Package: intcalc 2016/05/16 v1.2 Expandable calculations with integers (HO)
Package hobsub Info: Skipping package `ifpdf' (already loaded).
Package: etexcmds 2016/05/16 v1.6 Avoid name clashes with e-TeX commands (HO)
Package etexcmds Info: Could not find \expanded.
(etexcmds)             That can mean that you are not using pdfTeX 1.50 or
(etexcmds)             that some package has redefined \expanded.
(etexcmds)             In the latter case, load this package earlier.
Package: kvsetkeys 2016/05/16 v1.17 Key value parser (HO)
Package: kvdefinekeys 2016/05/16 v1.4 Define keys (HO)
Package: pdftexcmds 2016/05/10 v0.21 Utility functions of pdfTeX for LuaTeX (HO
)
Package pdftexcmds Info: LuaTeX not detected.
Package pdftexcmds Info: pdfTeX >= 1.30 not detected.
Package pdftexcmds Info: \pdf@primitive is available.
Package pdftexcmds Info: \pdf@ifprimitive is available.
Package pdftexcmds Info: \pdfdraftmode not found.
Package: pdfescape 2016/05/16 v1.14 Implements pdfTeX's escape features (HO)
Package: bigintcalc 2016/05/16 v1.4 Expandable calculations on big integers (HO
)
Package: bitset 2016/05/16 v1.2 Handle bit-vector datatype (HO)
Package: uniquecounter 2016/05/16 v1.3 Provide unlimited unique counter (HO)
)
Package hobsub Info: Skipping package `hobsub' (already loaded).
Package: letltxmacro 2016/05/16 v1.5 Let assignment for LaTeX macros (HO)
Package: hopatch 2016/05/16 v1.3 Wrapper for package hooks (HO)
Package: xcolor-patch 2016/05/16 xcolor patch
Package: atveryend 2016/05/16 v1.9 Hooks at the very end of document (HO)
Package hobsub Info: Skipping package `atbegshi' (already loaded).
Package: refcount 2016/05/16 v3.5 Data extraction from label references (HO)
Package: hycolor 2016/05/16 v1.8 Color options for hyperref/bookmark (HO)
)
(c:/texlive/2016/texmf-dist/tex/latex/oberdiek/auxhook.sty
Package: auxhook 2016/05/16 v1.4 Hooks for auxiliary files (HO)
)
(c:/texlive/2016/texmf-dist/tex/latex/oberdiek/kvoptions.sty
Package: kvoptions 2016/05/16 v3.12 Key value format for package options (HO)
)
\@linkdim=\dimen186
\Hy@linkcounter=\count179
\Hy@pagecounter=\count180

(c:/texlive/2016/texmf-dist/tex/latex/hyperref/pd1enc.def
File: pd1enc.def 2016/05/05 v6.83n Hyperref: PDFDocEncoding definition (HO)
)
\Hy@SavedSpaceFactor=\count181

(c:/texlive/2016/texmf-dist/tex/latex/latexconfig/hyperref.cfg
File: hyperref.cfg 2002/06/06 v1.2 hyperref configuration of TeXLive
)
Package hyperref Info: Option `unicode' set `true' on input line 4322.

(c:/texlive/2016/texmf-dist/tex/latex/hyperref/puenc.def
File: puenc.def 2016/05/05 v6.83n Hyperref: PDF Unicode definition (HO)
)
Package hyperref Info: Option `bookmarks' set `true' on input line 4322.
Package hyperref Info: Option `colorlinks' set `true' on input line 4322.
Package hyperref Info: Hyper figures OFF on input line 4446.
Package hyperref Info: Link nesting OFF on input line 4451.
Package hyperref Info: Hyper index ON on input line 4454.
Package hyperref Info: Plain pages OFF on input line 4461.
Package hyperref Info: Backreferencing OFF on input line 4466.
Package hyperref Info: Implicit mode ON; LaTeX internals redefined.
Package hyperref Info: Bookmarks ON on input line 4691.
\c@Hy@tempcnt=\count182

(c:/texlive/2016/texmf-dist/tex/latex/url/url.sty
\Urlmuskip=\muskip17
Package: url 2013/09/16  ver 3.4  Verb mode for urls, etc.
)
\XeTeXLinkMargin=\dimen187
\Fld@menulength=\count183
\Field@Width=\dimen188
\Fld@charsize=\dimen189
Package hyperref Info: Hyper figures OFF on input line 6298.
Package hyperref Info: Link nesting OFF on input line 6303.
Package hyperref Info: Hyper index ON on input line 6306.
Package hyperref Info: backreferencing OFF on input line 6313.
Package hyperref Info: Link coloring ON on input line 6316.
Package hyperref Info: Link coloring with OCG OFF on input line 6323.
Package hyperref Info: PDF/A mode OFF on input line 6328.
\Hy@abspage=\count184
\c@Item=\count185
\c@Hfootnote=\count186
)

Package hyperref Message: Driver: hxetex.

(c:/texlive/2016/texmf-dist/tex/latex/hyperref/hxetex.def
File: hxetex.def 2016/05/05 v6.83n Hyperref driver for XeTeX

(c:/texlive/2016/texmf-dist/tex/generic/oberdiek/stringenc.sty
Package: stringenc 2016/05/16 v1.11 Convert strings between diff. encodings (HO
)
)
\pdfm@box=\box59
\c@Hy@AnnotLevel=\count187
\HyField@AnnotCount=\count188
\Fld@listcount=\count189
\c@bookmark@seq@number=\count190

(c:/texlive/2016/texmf-dist/tex/latex/oberdiek/rerunfilecheck.sty
Package: rerunfilecheck 2016/05/16 v1.8 Rerun checks for auxiliary files (HO)
Package rerunfilecheck Info: Feature \pdfmdfivesum is not available
(rerunfilecheck)             (e.g. pdfTeX or LuaTeX with package `pdftexcmds').

(rerunfilecheck)             Therefore file contents cannot be checked efficien
tly
(rerunfilecheck)             and the loading of the package is aborted.
)
\Hy@SectionHShift=\skip112
)
Invalid UTF-8 byte or sequence at line 175 replaced by U+FFFD.
Invalid UTF-8 byte or sequence at line 175 replaced by U+FFFD.
Invalid UTF-8 byte or sequence at line 175 replaced by U+FFFD.
Invalid UTF-8 byte or sequence at line 175 replaced by U+FFFD.
Invalid UTF-8 byte or sequence at line 175 replaced by U+FFFD.
Invalid UTF-8 byte or sequence at line 175 replaced by U+FFFD.
Invalid UTF-8 byte or sequence at line 175 replaced by U+FFFD.
\c@theorem=\count191
Invalid UTF-8 byte or sequence at line 176 replaced by U+FFFD.
Invalid UTF-8 byte or sequence at line 176 replaced by U+FFFD.
Invalid UTF-8 byte or sequence at line 176 replaced by U+FFFD.
Invalid UTF-8 byte or sequence at line 176 replaced by U+FFFD.
Invalid UTF-8 byte or sequence at line 176 replaced by U+FFFD.
Invalid UTF-8 byte or sequence at line 176 replaced by U+FFFD.
\c@problem=\count192
Invalid UTF-8 byte or sequence at line 177 replaced by U+FFFD.
Invalid UTF-8 byte or sequence at line 177 replaced by U+FFFD.
Invalid UTF-8 byte or sequence at line 177 replaced by U+FFFD.
Invalid UTF-8 byte or sequence at line 177 replaced by U+FFFD.
Invalid UTF-8 byte or sequence at line 177 replaced by U+FFFD.
Invalid UTF-8 byte or sequence at line 177 replaced by U+FFFD.
Invalid UTF-8 byte or sequence at line 177 replaced by U+FFFD.
Invalid UTF-8 byte or sequence at line 177 replaced by U+FFFD.
Invalid UTF-8 byte or sequence at line 177 replaced by U+FFFD.
Invalid UTF-8 byte or sequence at line 177 replaced by U+FFFD.
Invalid UTF-8 byte or sequence at line 177 replaced by U+FFFD.
\c@defn=\count193
Invalid UTF-8 byte or sequence at line 178 replaced by U+FFFD.
Invalid UTF-8 byte or sequence at line 178 replaced by U+FFFD.
Invalid UTF-8 byte or sequence at line 178 replaced by U+FFFD.
Invalid UTF-8 byte or sequence at line 178 replaced by U+FFFD.
Invalid UTF-8 byte or sequence at line 178 replaced by U+FFFD.
Invalid UTF-8 byte or sequence at line 178 replaced by U+FFFD.
Invalid UTF-8 byte or sequence at line 178 replaced by U+FFFD.
Invalid UTF-8 byte or sequence at line 178 replaced by U+FFFD.
\c@scenario=\count194
Invalid UTF-8 byte or sequence at line 180 replaced by U+FFFD.
Invalid UTF-8 byte or sequence at line 180 replaced by U+FFFD.
Invalid UTF-8 byte or sequence at line 180 replaced by U+FFFD.
Invalid UTF-8 byte or sequence at line 180 replaced by U+FFFD.
Invalid UTF-8 byte or sequence at line 180 replaced by U+FFFD.
Invalid UTF-8 byte or sequence at line 180 replaced by U+FFFD.
Invalid UTF-8 byte or sequence at line 180 replaced by U+FFFD.
Invalid UTF-8 byte or sequence at line 181 replaced by U+FFFD.
Invalid UTF-8 byte or sequence at line 181 replaced by U+FFFD.
Invalid UTF-8 byte or sequence at line 181 replaced by U+FFFD.
Invalid UTF-8 byte or sequence at line 181 replaced by U+FFFD.
Invalid UTF-8 byte or sequence at line 181 replaced by U+FFFD.
Invalid UTF-8 byte or sequence at line 181 replaced by U+FFFD.
Invalid UTF-8 byte or sequence at line 181 replaced by U+FFFD.
Invalid UTF-8 byte or sequence at line 181 replaced by U+FFFD.
Invalid UTF-8 byte or sequence at line 181 replaced by U+FFFD.
Invalid UTF-8 byte or sequence at line 181 replaced by U+FFFD.
Invalid UTF-8 byte or sequence at line 181 replaced by U+FFFD.
Invalid UTF-8 byte or sequence at line 181 replaced by U+FFFD.
Invalid UTF-8 byte or sequence at line 181 replaced by U+FFFD.
Package hyperref Info: Option `pdfdisplaydoctitle' set `true' on input line 185
.
Package hyperref Info: Option `pdfmenubar' set `true' on input line 185.
Package hyperref Info: Option `pdftoolbar' set `false' on input line 185.
)
(./diplom.aux)
\openout1 = `diplom.aux'.

 (c:/texlive/2016/texmf-dist/tex/latex/tipa/t3cmr.fd
File: t3cmr.fd 2001/12/31 TIPA font definitions
)
*geometry* driver: auto-detecting
*geometry* detected driver: xetex
*geometry* verbose mode - [ preamble ] result:
* driver: xetex
* paper: a4paper
* layout: <same size as paper>
* layoutoffset:(h,v)=(0.0pt,0.0pt)
* modes: 
* h-part:(L,W,R)=(56.9055pt, 483.69687pt, 56.9055pt)
* v-part:(T,H,B)=(56.9055pt, 759.6886pt, 28.45274pt)
* \paperwidth=597.50787pt
* \paperheight=845.04684pt
* \textwidth=430.0pt
* \textheight=592.0pt
* \oddsidemargin=11.0pt
* \evensidemargin=11.0pt
* \topmargin=19.0pt
* \headheight=17.0pt
* \headsep=25.0pt
* \topskip=14.0pt
* \footskip=30.0pt
* \marginparwidth=15.0pt
* \marginparsep=10.0pt
* \columnsep=10.0pt
* \skip\footins=12.0pt plus 4.0pt minus 2.0pt
* \hoffset=0.0pt
* \voffset=0.0pt
* \mag=1000
* \@twocolumnfalse
* \@twosidefalse
* \@mparswitchfalse
* \@reversemarginfalse
* (1in=72.27pt=25.4mm, 1cm=28.453pt)

Package lastpage Info: Please have a look at the pageslts package at
(lastpage)             https://www.ctan.org/pkg/pageslts
(lastpage)             ! on input line 2.
\AtBeginShipoutBox=\box60
(c:/texlive/2016/texmf-dist/tex/latex/oberdiek/pdflscape.sty
Package: pdflscape 2016/05/14 v0.11 Display of landscape pages in PDF (HO)

(c:/texlive/2016/texmf-dist/tex/latex/graphics/lscape.sty
Package: lscape 2000/10/22 v3.01 Landscape Pages (DPC)
)
Package pdflscape Info: Auto-detected driver: dvipdfm (xetex) on input line 99.

)
\c@lstlisting=\count195
.................................................
. fontspec info: "setup-math"
. 
. Adjusting the maths setup (use [no-math] to avoid this).
.................................................
\symlegacymaths=\mathgroup6
Package caption Info: Begin \AtBeginDocument code.
Package caption Info: float package is loaded.
Package caption Info: hyperref package is loaded.
Package caption Info: End \AtBeginDocument code.
Package hyperref Info: Link coloring ON on input line 2.

(c:/texlive/2016/texmf-dist/tex/latex/hyperref/nameref.sty
Package: nameref 2012/10/27 v2.43 Cross-referencing by name of section

(c:/texlive/2016/texmf-dist/tex/generic/oberdiek/gettitlestring.sty
Package: gettitlestring 2016/05/16 v1.5 Cleanup title references (HO)
)
\c@section@level=\count196
)
(./diplom.out) (./diplom.out)
\@outlinefile=\write3
\openout3 = `diplom.out'.

 (./titlepage.tex [5

]
Underfull \hbox (badness 10000) in paragraph at lines 17--26

 []

(c:/texlive/2016/texmf-dist/tex/latex/amsfonts/umsa.fd
File: umsa.fd 2013/01/14 v3.01 AMS symbols A
)
(c:/texlive/2016/texmf-dist/tex/latex/amsfonts/umsb.fd
File: umsb.fd 2013/01/14 v3.01 AMS symbols B
)
Underfull \hbox (badness 10000) in paragraph at lines 15--27

 []


Overfull \hbox (16.75629pt too wide) in paragraph at lines 36--40
\l_fontspec_font  :   .. $[]$ 
 []


Underfull \hbox (badness 10000) in paragraph at lines 36--40

 []

[1]
Underfull \hbox (badness 10000) in paragraph at lines 41--42

 []


Underfull \hbox (badness 10000) in paragraph at lines 43--44

 []

[2]) (./abstract.tex

Package hyperref Warning: bookmark level for unknown likechapter defaults to 0.


) [1]
Missing character: There is no  in font Times New Roman/OT:script=cyrl;languag
e=DFLT;!
Missing character: There is no  in font Times New Roman/OT:script=cyrl;languag
e=DFLT;!
Missing character: There is no  in font Times New Roman/OT:script=cyrl;languag
e=DFLT;!
 (./diplom.toc
Missing character: There is no  in font Times New Roman Bold/OT:script=cyrl;la
nguage=DFLT;!
Missing character: There is no  in font Times New Roman Bold/OT:script=cyrl;la
nguage=DFLT;!
Missing character: There is no  in font Times New Roman Bold/OT:script=cyrl;la
nguage=DFLT;!
Missing character: There is no  in font Times New Roman Bold/OT:script=cyrl;la
nguage=DFLT;!
Missing character: There is no  in font Times New Roman Bold/OT:script=cyrl;la
nguage=DFLT;!
Missing character: There is no  in font Times New Roman Bold/OT:script=cyrl;la
nguage=DFLT;!
Missing character: There is no  in font Times New Roman Bold/OT:script=cyrl;la
nguage=DFLT;!
Missing character: There is no  in font Times New Roman Bold/OT:script=cyrl;la
nguage=DFLT;!
Missing character: There is no  in font Times New Roman Bold/OT:script=cyrl;la
nguage=DFLT;!
Missing character: There is no  in font Times New Roman Bold/OT:script=cyrl;la
nguage=DFLT;!
Missing character: There is no  in font Times New Roman Bold/OT:script=cyrl;la
nguage=DFLT;!
Missing character: There is no  in font Times New Roman Bold/OT:script=cyrl;la
nguage=DFLT;!
Missing character: There is no  in font Times New Roman Bold/OT:script=cyrl;la
nguage=DFLT;!
Missing character: There is no  in font Times New Roman Bold/OT:script=cyrl;la
nguage=DFLT;!
Missing character: There is no  in font Times New Roman Bold/OT:script=cyrl;la
nguage=DFLT;!
Missing character: There is no  in font Times New Roman Bold/OT:script=cyrl;la
nguage=DFLT;!
)
\tf@toc=\write4
\openout4 = `diplom.toc'.

 [2] (./intro.tex
Overfull \hbox (5.08154pt too wide) in paragraph at lines 16--17
[]\l_fontspec_font       NP-
 []

) (./FirstChapter/FirstChapter.tex [3]
 1.
[4

]
Overfull \hbox (5.0774pt too wide) in paragraph at lines 27--33
\l_fontspec_font  .      . 
-
 []


Overfull \hbox (3.5644pt too wide) in paragraph at lines 27--33
\l_fontspec_font      ,  
-
 []

[5] [6]
Overfull \hbox (3.40498pt too wide) in paragraph at lines 60--65
\l_fontspec_font          
-
 []

[7] [8]) (./SecondChapter/SecondChapter.tex [9]
 2.

Overfull \hbox (7.14914pt too wide) in paragraph at lines 5--7
\l_fontspec_font        
. 
 []

Missing character: There is no  in font Times New Roman/OT:script=cyrl;languag
e=DFLT;!
Missing character: There is no  in font Times New Roman/OT:script=cyrl;languag
e=DFLT;!
Missing character: There is no  in font Times New Roman/OT:script=cyrl;languag
e=DFLT;!
Missing character: There is no  in font Times New Roman/OT:script=cyrl;languag
e=DFLT;!
Missing character: There is no  in font Times New Roman/OT:script=cyrl;languag
e=DFLT;!
Missing character: There is no  in font Times New Roman/OT:script=cyrl;languag
e=DFLT;!
Missing character: There is no  in font Times New Roman/OT:script=cyrl;languag
e=DFLT;!
Missing character: There is no  in font Times New Roman/OT:script=cyrl;languag
e=DFLT;!
Missing character: There is no  in font Times New Roman/OT:script=cyrl;languag
e=DFLT;!
Missing character: There is no  in font Times New Roman/OT:script=cyrl;languag
e=DFLT;!
Missing character: There is no  in font Times New Roman/OT:script=cyrl;languag
e=DFLT;!
Missing character: There is no  in font Times New Roman/OT:script=cyrl;languag
e=DFLT;!
Missing character: There is no  in font Times New Roman/OT:script=cyrl;languag
e=DFLT;!
Missing character: There is no  in font Times New Roman/OT:script=cyrl;languag
e=DFLT;!
Missing character: There is no  in font Times New Roman/OT:script=cyrl;languag
e=DFLT;!
Missing character: There is no  in font Times New Roman/OT:script=cyrl;languag
e=DFLT;!
Missing character: There is no  in font Times New Roman/OT:script=cyrl;languag
e=DFLT;!
Missing character: There is no  in font Times New Roman/OT:script=cyrl;languag
e=DFLT;!
Missing character: There is no  in font Times New Roman/OT:script=cyrl;languag
e=DFLT;!
Missing character: There is no  in font Times New Roman/OT:script=cyrl;languag
e=DFLT;!
Missing character: There is no  in font Times New Roman/OT:script=cyrl;languag
e=DFLT;!
Missing character: There is no  in font Times New Roman/OT:script=cyrl;languag
e=DFLT;!
Missing character: There is no  in font Times New Roman/OT:script=cyrl;languag
e=DFLT;!
Missing character: There is no  in font Times New Roman/OT:script=cyrl;languag
e=DFLT;!
Missing character: There is no  in font Times New Roman/OT:script=cyrl;languag
e=DFLT;!
Missing character: There is no  in font Times New Roman/OT:script=cyrl;languag
e=DFLT;!
Missing character: There is no  in font Times New Roman/OT:script=cyrl;languag
e=DFLT;!
Missing character: There is no  in font Times New Roman/OT:script=cyrl;languag
e=DFLT;!

Overfull \hbox (11.6395pt too wide) in paragraph at lines 28--30
[]\l_fontspec_font       
-
 []


Overfull \hbox (4.92332pt too wide) in paragraph at lines 30--31
[]\l_fontspec_font : Intel(R) Core(TM) i5-3230M CPU @ 2.60GHz (4 CPUs)
,
 []

[10

]
Missing character: There is no  in font Times New Roman/OT:script=cyrl;languag
e=DFLT;!
Missing character: There is no  in font Times New Roman/OT:script=cyrl;languag
e=DFLT;!
Missing character: There is no  in font Times New Roman/OT:script=cyrl;languag
e=DFLT;!
Missing character: There is no  in font Times New Roman/OT:script=cyrl;languag
e=DFLT;!
Missing character: There is no  in font Times New Roman/OT:script=cyrl;languag
e=DFLT;!
Missing character: There is no  in font Times New Roman/OT:script=cyrl;languag
e=DFLT;!
Missing character: There is no  in font Times New Roman/OT:script=cyrl;languag
e=DFLT;!
Missing character: There is no  in font Times New Roman/OT:script=cyrl;languag
e=DFLT;!
Missing character: There is no  in font Times New Roman/OT:script=cyrl;languag
e=DFLT;!
Missing character: There is no  in font Times New Roman/OT:script=cyrl;languag
e=DFLT;!
Missing character: There is no  in font Times New Roman/OT:script=cyrl;languag
e=DFLT;!
Missing character: There is no  in font Times New Roman/OT:script=cyrl;languag
e=DFLT;!
Missing character: There is no  in font Times New Roman/OT:script=cyrl;languag
e=DFLT;!
Missing character: There is no  in font Times New Roman/OT:script=cyrl;languag
e=DFLT;!
Missing character: There is no  in font Times New Roman/OT:script=cyrl;languag
e=DFLT;!
Missing character: There is no  in font Times New Roman/OT:script=cyrl;languag
e=DFLT;!
Missing character: There is no  in font Times New Roman/OT:script=cyrl;languag
e=DFLT;!
Missing character: There is no  in font Times New Roman/OT:script=cyrl;languag
e=DFLT;!
Missing character: There is no  in font Times New Roman/OT:script=cyrl;languag
e=DFLT;!
Missing character: There is no  in font Times New Roman/OT:script=cyrl;languag
e=DFLT;!
Missing character: There is no  in font Times New Roman/OT:script=cyrl;languag
e=DFLT;!
Missing character: There is no  in font Times New Roman/OT:script=cyrl;languag
e=DFLT;!
Missing character: There is no  in font Times New Roman/OT:script=cyrl;languag
e=DFLT;!
Missing character: There is no  in font Times New Roman/OT:script=cyrl;languag
e=DFLT;!
Missing character: There is no  in font Times New Roman/OT:script=cyrl;languag
e=DFLT;!
Missing character: There is no  in font Times New Roman/OT:script=cyrl;languag
e=DFLT;!
Missing character: There is no  in font Times New Roman/OT:script=cyrl;languag
e=DFLT;!
Missing character: There is no  in font Times New Roman/OT:script=cyrl;languag
e=DFLT;!
Missing character: There is no  in font Times New Roman/OT:script=cyrl;languag
e=DFLT;!
Missing character: There is no  in font Times New Roman/OT:script=cyrl;languag
e=DFLT;!
Missing character: There is no  in font Times New Roman/OT:script=cyrl;languag
e=DFLT;!
Missing character: There is no  in font Times New Roman/OT:script=cyrl;languag
e=DFLT;!
Missing character: There is no  in font Times New Roman/OT:script=cyrl;languag
e=DFLT;!
Missing character: There is no  in font Times New Roman/OT:script=cyrl;languag
e=DFLT;!
Missing character: There is no  in font Times New Roman/OT:script=cyrl;languag
e=DFLT;!
Missing character: There is no  in font Times New Roman/OT:script=cyrl;languag
e=DFLT;!
Missing character: There is no  in font Times New Roman/OT:script=cyrl;languag
e=DFLT;!
Missing character: There is no  in font Times New Roman/OT:script=cyrl;languag
e=DFLT;!
Missing character: There is no  in font Times New Roman/OT:script=cyrl;languag
e=DFLT;!
Missing character: There is no  in font Times New Roman/OT:script=cyrl;languag
e=DFLT;!
Missing character: There is no  in font Times New Roman/OT:script=cyrl;languag
e=DFLT;!
Missing character: There is no  in font Times New Roman/OT:script=cyrl;languag
e=DFLT;!
Missing character: There is no  in font Times New Roman/OT:script=cyrl;languag
e=DFLT;!
Missing character: There is no  in font Times New Roman/OT:script=cyrl;languag
e=DFLT;!
Missing character: There is no  in font Times New Roman/OT:script=cyrl;languag
e=DFLT;!
Missing character: There is no  in font Times New Roman/OT:script=cyrl;languag
e=DFLT;!
Missing character: There is no  in font Times New Roman/OT:script=cyrl;languag
e=DFLT;!
Missing character: There is no  in font Times New Roman/OT:script=cyrl;languag
e=DFLT;!
Missing character: There is no  in font Times New Roman/OT:script=cyrl;languag
e=DFLT;!
Missing character: There is no  in font Times New Roman/OT:script=cyrl;languag
e=DFLT;!
Missing character: There is no  in font Times New Roman/OT:script=cyrl;languag
e=DFLT;!
Missing character: There is no  in font Times New Roman/OT:script=cyrl;languag
e=DFLT;!
Missing character: There is no  in font Times New Roman/OT:script=cyrl;languag
e=DFLT;!
Missing character: There is no  in font Times New Roman/OT:script=cyrl;languag
e=DFLT;!
Missing character: There is no  in font Times New Roman/OT:script=cyrl;languag
e=DFLT;!
Missing character: There is no  in font Times New Roman/OT:script=cyrl;languag
e=DFLT;!
Missing character: There is no  in font Times New Roman/OT:script=cyrl;languag
e=DFLT;!
Missing character: There is no  in font Times New Roman/OT:script=cyrl;languag
e=DFLT;!
Missing character: There is no  in font Times New Roman/OT:script=cyrl;languag
e=DFLT;!
Missing character: There is no  in font Times New Roman/OT:script=cyrl;languag
e=DFLT;!
Missing character: There is no  in font Times New Roman/OT:script=cyrl;languag
e=DFLT;!
Missing character: There is no  in font Times New Roman/OT:script=cyrl;languag
e=DFLT;!
Missing character: There is no  in font Times New Roman/OT:script=cyrl;languag
e=DFLT;!
Missing character: There is no  in font Times New Roman/OT:script=cyrl;languag
e=DFLT;!
Missing character: There is no  in font Times New Roman/OT:script=cyrl;languag
e=DFLT;!
Missing character: There is no  in font Times New Roman/OT:script=cyrl;languag
e=DFLT;!
Missing character: There is no  in font Times New Roman/OT:script=cyrl;languag
e=DFLT;!
Missing character: There is no  in font Times New Roman/OT:script=cyrl;languag
e=DFLT;!
Missing character: There is no  in font Times New Roman/OT:script=cyrl;languag
e=DFLT;!
Missing character: There is no  in font Times New Roman/OT:script=cyrl;languag
e=DFLT;!
Missing character: There is no  in font Times New Roman/OT:script=cyrl;languag
e=DFLT;!
Missing character: There is no  in font Times New Roman/OT:script=cyrl;languag
e=DFLT;!
Missing character: There is no  in font Times New Roman/OT:script=cyrl;languag
e=DFLT;!
Missing character: There is no  in font Times New Roman/OT:script=cyrl;languag
e=DFLT;!
Missing character: There is no  in font Times New Roman/OT:script=cyrl;languag
e=DFLT;!
Missing character: There is no  in font Times New Roman/OT:script=cyrl;languag
e=DFLT;!
Missing character: There is no  in font Times New Roman/OT:script=cyrl;languag
e=DFLT;!
Missing character: There is no  in font Times New Roman/OT:script=cyrl;languag
e=DFLT;!
Missing character: There is no  in font Times New Roman/OT:script=cyrl;languag
e=DFLT;!
Missing character: There is no  in font Times New Roman/OT:script=cyrl;languag
e=DFLT;!
Missing character: There is no  in font Times New Roman/OT:script=cyrl;languag
e=DFLT;!
Missing character: There is no  in font Times New Roman/OT:script=cyrl;languag
e=DFLT;!
Missing character: There is no  in font Times New Roman/OT:script=cyrl;languag
e=DFLT;!
Missing character: There is no  in font Times New Roman/OT:script=cyrl;languag
e=DFLT;!
Missing character: There is no  in font Times New Roman/OT:script=cyrl;languag
e=DFLT;!
Missing character: There is no  in font Times New Roman/OT:script=cyrl;languag
e=DFLT;!
Missing character: There is no  in font Times New Roman/OT:script=cyrl;languag
e=DFLT;!
Missing character: There is no  in font Times New Roman/OT:script=cyrl;languag
e=DFLT;!
Missing character: There is no  in font Times New Roman/OT:script=cyrl;languag
e=DFLT;!
Missing character: There is no  in font Times New Roman/OT:script=cyrl;languag
e=DFLT;!
Missing character: There is no  in font Times New Roman/OT:script=cyrl;languag
e=DFLT;!
Missing character: There is no  in font Times New Roman/OT:script=cyrl;languag
e=DFLT;!
Missing character: There is no  in font Times New Roman/OT:script=cyrl;languag
e=DFLT;!
Missing character: There is no  in font Times New Roman/OT:script=cyrl;languag
e=DFLT;!
Missing character: There is no  in font Times New Roman/OT:script=cyrl;languag
e=DFLT;!
Missing character: There is no  in font Times New Roman/OT:script=cyrl;languag
e=DFLT;!
Missing character: There is no  in font Times New Roman/OT:script=cyrl;languag
e=DFLT;!
Missing character: There is no  in font Times New Roman/OT:script=cyrl;languag
e=DFLT;!
Missing character: There is no  in font Times New Roman/OT:script=cyrl;languag
e=DFLT;!
Missing character: There is no  in font Times New Roman/OT:script=cyrl;languag
e=DFLT;!
Missing character: There is no  in font Times New Roman/OT:script=cyrl;languag
e=DFLT;!
Missing character: There is no  in font Times New Roman/OT:script=cyrl;languag
e=DFLT;!
Missing character: There is no  in font Times New Roman/OT:script=cyrl;languag
e=DFLT;!
Missing character: There is no  in font Times New Roman/OT:script=cyrl;languag
e=DFLT;!
Missing character: There is no  in font Times New Roman/OT:script=cyrl;languag
e=DFLT;!
Missing character: There is no  in font Times New Roman/OT:script=cyrl;languag
e=DFLT;!
Missing character: There is no  in font Times New Roman/OT:script=cyrl;languag
e=DFLT;!
Missing character: There is no  in font Times New Roman/OT:script=cyrl;languag
e=DFLT;!
Missing character: There is no  in font Times New Roman/OT:script=cyrl;languag
e=DFLT;!
Missing character: There is no  in font Times New Roman/OT:script=cyrl;languag
e=DFLT;!
Missing character: There is no  in font Times New Roman/OT:script=cyrl;languag
e=DFLT;!
Missing character: There is no  in font Times New Roman/OT:script=cyrl;languag
e=DFLT;!
 [11]
Missing character: There is no  in font Times New Roman/OT:script=cyrl;languag
e=DFLT;!
Missing character: There is no  in font Times New Roman/OT:script=cyrl;languag
e=DFLT;!
Missing character: There is no  in font Times New Roman/OT:script=cyrl;languag
e=DFLT;!
Missing character: There is no  in font Times New Roman/OT:script=cyrl;languag
e=DFLT;!
Missing character: There is no  in font Times New Roman/OT:script=cyrl;languag
e=DFLT;!
Missing character: There is no  in font Times New Roman/OT:script=cyrl;languag
e=DFLT;!
Missing character: There is no  in font Times New Roman/OT:script=cyrl;languag
e=DFLT;!
Missing character: There is no  in font Times New Roman/OT:script=cyrl;languag
e=DFLT;!
Missing character: There is no  in font Times New Roman/OT:script=cyrl;languag
e=DFLT;!
Missing character: There is no  in font Times New Roman/OT:script=cyrl;languag
e=DFLT;!
Missing character: There is no  in font Times New Roman/OT:script=cyrl;languag
e=DFLT;!
Missing character: There is no  in font Times New Roman/OT:script=cyrl;languag
e=DFLT;!
Missing character: There is no  in font Times New Roman/OT:script=cyrl;languag
e=DFLT;!
Missing character: There is no  in font Times New Roman/OT:script=cyrl;languag
e=DFLT;!
Missing character: There is no  in font Times New Roman/OT:script=cyrl;languag
e=DFLT;!
Missing character: There is no  in font Times New Roman/OT:script=cyrl;languag
e=DFLT;!
Missing character: There is no  in font Times New Roman/OT:script=cyrl;languag
e=DFLT;!
Missing character: There is no  in font Times New Roman/OT:script=cyrl;languag
e=DFLT;!
Missing character: There is no  in font Times New Roman/OT:script=cyrl;languag
e=DFLT;!
Missing character: There is no  in font Times New Roman/OT:script=cyrl;languag
e=DFLT;!
Missing character: There is no  in font Times New Roman/OT:script=cyrl;languag
e=DFLT;!
Missing character: There is no  in font Times New Roman/OT:script=cyrl;languag
e=DFLT;!
Missing character: There is no  in font Times New Roman/OT:script=cyrl;languag
e=DFLT;!
Missing character: There is no  in font Times New Roman/OT:script=cyrl;languag
e=DFLT;!
Missing character: There is no  in font Times New Roman/OT:script=cyrl;languag
e=DFLT;!
Missing character: There is no  in font Times New Roman/OT:script=cyrl;languag
e=DFLT;!
Missing character: There is no  in font Times New Roman/OT:script=cyrl;languag
e=DFLT;!
Missing character: There is no  in font Times New Roman/OT:script=cyrl;languag
e=DFLT;!
Missing character: There is no  in font Times New Roman/OT:script=cyrl;languag
e=DFLT;!
Missing character: There is no  in font Times New Roman/OT:script=cyrl;languag
e=DFLT;!
Missing character: There is no  in font Times New Roman/OT:script=cyrl;languag
e=DFLT;!
Missing character: There is no  in font Times New Roman/OT:script=cyrl;languag
e=DFLT;!
Missing character: There is no  in font Times New Roman/OT:script=cyrl;languag
e=DFLT;!
Missing character: There is no  in font Times New Roman/OT:script=cyrl;languag
e=DFLT;!
Missing character: There is no  in font Times New Roman/OT:script=cyrl;languag
e=DFLT;!
Missing character: There is no  in font Times New Roman/OT:script=cyrl;languag
e=DFLT;!
Missing character: There is no  in font Times New Roman/OT:script=cyrl;languag
e=DFLT;!
Missing character: There is no  in font Times New Roman/OT:script=cyrl;languag
e=DFLT;!
Missing character: There is no  in font Times New Roman/OT:script=cyrl;languag
e=DFLT;!
Missing character: There is no  in font Times New Roman/OT:script=cyrl;languag
e=DFLT;!
Missing character: There is no  in font Times New Roman/OT:script=cyrl;languag
e=DFLT;!
Missing character: There is no  in font Times New Roman/OT:script=cyrl;languag
e=DFLT;!
Missing character: There is no  in font Times New Roman/OT:script=cyrl;languag
e=DFLT;!
Missing character: There is no  in font Times New Roman/OT:script=cyrl;languag
e=DFLT;!
Missing character: There is no  in font Times New Roman/OT:script=cyrl;languag
e=DFLT;!
Missing character: There is no  in font Times New Roman/OT:script=cyrl;languag
e=DFLT;!
Missing character: There is no  in font Times New Roman/OT:script=cyrl;languag
e=DFLT;!
Missing character: There is no  in font Times New Roman/OT:script=cyrl;languag
e=DFLT;!
Missing character: There is no  in font Times New Roman/OT:script=cyrl;languag
e=DFLT;!
Missing character: There is no  in font Times New Roman/OT:script=cyrl;languag
e=DFLT;!
Missing character: There is no  in font Times New Roman/OT:script=cyrl;languag
e=DFLT;!
Missing character: There is no  in font Times New Roman/OT:script=cyrl;languag
e=DFLT;!
Missing character: There is no  in font Times New Roman/OT:script=cyrl;languag
e=DFLT;!
Missing character: There is no  in font Times New Roman/OT:script=cyrl;languag
e=DFLT;!
Missing character: There is no  in font Times New Roman/OT:script=cyrl;languag
e=DFLT;!
Missing character: There is no  in font Times New Roman/OT:script=cyrl;languag
e=DFLT;!
 [12] [13] [14]
Overfull \hbox (7.62822pt too wide) in paragraph at lines 146--147
[]\l_fontspec_font    ,    
-
 []

Missing character: There is no  in font Times New Roman/OT:script=cyrl;languag
e=DFLT;!
Missing character: There is no  in font Times New Roman/OT:script=cyrl;languag
e=DFLT;!
Missing character: There is no  in font Times New Roman/OT:script=cyrl;languag
e=DFLT;!
Missing character: There is no  in font Times New Roman/OT:script=cyrl;languag
e=DFLT;!
Missing character: There is no  in font Times New Roman/OT:script=cyrl;languag
e=DFLT;!
Missing character: There is no  in font Times New Roman/OT:script=cyrl;languag
e=DFLT;!
Missing character: There is no  in font Times New Roman/OT:script=cyrl;languag
e=DFLT;!
Missing character: There is no  in font Times New Roman/OT:script=cyrl;languag
e=DFLT;!
Missing character: There is no  in font Times New Roman/OT:script=cyrl;languag
e=DFLT;!
Missing character: There is no  in font Times New Roman/OT:script=cyrl;languag
e=DFLT;!
Missing character: There is no  in font Times New Roman/OT:script=cyrl;languag
e=DFLT;!
Missing character: There is no  in font Times New Roman/OT:script=cyrl;languag
e=DFLT;!
Missing character: There is no  in font Times New Roman/OT:script=cyrl;languag
e=DFLT;!
Missing character: There is no  in font Times New Roman/OT:script=cyrl;languag
e=DFLT;!
Missing character: There is no  in font Times New Roman/OT:script=cyrl;languag
e=DFLT;!
Missing character: There is no  in font Times New Roman/OT:script=cyrl;languag
e=DFLT;!
Missing character: There is no  in font Times New Roman/OT:script=cyrl;languag
e=DFLT;!
Missing character: There is no  in font Times New Roman/OT:script=cyrl;languag
e=DFLT;!
Missing character: There is no  in font Times New Roman/OT:script=cyrl;languag
e=DFLT;!
Missing character: There is no  in font Times New Roman/OT:script=cyrl;languag
e=DFLT;!
Missing character: There is no  in font Times New Roman/OT:script=cyrl;languag
e=DFLT;!
Missing character: There is no  in font Times New Roman/OT:script=cyrl;languag
e=DFLT;!
Missing character: There is no  in font Times New Roman/OT:script=cyrl;languag
e=DFLT;!
Missing character: There is no  in font Times New Roman/OT:script=cyrl;languag
e=DFLT;!
Missing character: There is no  in font Times New Roman/OT:script=cyrl;languag
e=DFLT;!
Missing character: There is no  in font Times New Roman/OT:script=cyrl;languag
e=DFLT;!
Missing character: There is no  in font Times New Roman/OT:script=cyrl;languag
e=DFLT;!
Missing character: There is no  in font Times New Roman/OT:script=cyrl;languag
e=DFLT;!

Package natbib Warning: Citation `BigResults1' on page 15 undefined on input li
ne 169.

Missing character: There is no  in font Times New Roman/OT:script=cyrl;languag
e=DFLT;!
Missing character: There is no  in font Times New Roman/OT:script=cyrl;languag
e=DFLT;!
Missing character: There is no  in font Times New Roman/OT:script=cyrl;languag
e=DFLT;!
Missing character: There is no  in font Times New Roman/OT:script=cyrl;languag
e=DFLT;!
Missing character: There is no  in font Times New Roman/OT:script=cyrl;languag
e=DFLT;!
Missing character: There is no  in font Times New Roman/OT:script=cyrl;languag
e=DFLT;!
Missing character: There is no  in font Times New Roman/OT:script=cyrl;languag
e=DFLT;!
Missing character: There is no  in font Times New Roman/OT:script=cyrl;languag
e=DFLT;!
Missing character: There is no  in font Times New Roman/OT:script=cyrl;languag
e=DFLT;!
Missing character: There is no  in font Times New Roman/OT:script=cyrl;languag
e=DFLT;!
Missing character: There is no  in font Times New Roman/OT:script=cyrl;languag
e=DFLT;!
Missing character: There is no  in font Times New Roman/OT:script=cyrl;languag
e=DFLT;!
Missing character: There is no  in font Times New Roman/OT:script=cyrl;languag
e=DFLT;!
Missing character: There is no  in font Times New Roman/OT:script=cyrl;languag
e=DFLT;!
Missing character: There is no  in font Times New Roman/OT:script=cyrl;languag
e=DFLT;!
Missing character: There is no  in font Times New Roman/OT:script=cyrl;languag
e=DFLT;!
Missing character: There is no  in font Times New Roman/OT:script=cyrl;languag
e=DFLT;!
Missing character: There is no  in font Times New Roman/OT:script=cyrl;languag
e=DFLT;!
Missing character: There is no  in font Times New Roman/OT:script=cyrl;languag
e=DFLT;!
Missing character: There is no  in font Times New Roman/OT:script=cyrl;languag
e=DFLT;!
Missing character: There is no  in font Times New Roman/OT:script=cyrl;languag
e=DFLT;!
Missing character: There is no  in font Times New Roman/OT:script=cyrl;languag
e=DFLT;!
Missing character: There is no  in font Times New Roman/OT:script=cyrl;languag
e=DFLT;!
Missing character: There is no  in font Times New Roman/OT:script=cyrl;languag
e=DFLT;!
Missing character: There is no  in font Times New Roman/OT:script=cyrl;languag
e=DFLT;!
Missing character: There is no  in font Times New Roman/OT:script=cyrl;languag
e=DFLT;!
Missing character: There is no  in font Times New Roman/OT:script=cyrl;languag
e=DFLT;!
Missing character: There is no  in font Times New Roman/OT:script=cyrl;languag
e=DFLT;!
[15

]

LaTeX Warning: Text page 16 contains only floats.


Overfull \vbox (4.7998pt too high) has occurred while \output is active []


[16]

Package natbib Warning: Citation `BigResults2' on page 17 undefined on input li
ne 212.

Missing character: There is no  in font Times New Roman/OT:script=cyrl;languag
e=DFLT;!
Missing character: There is no  in font Times New Roman/OT:script=cyrl;languag
e=DFLT;!
Missing character: There is no  in font Times New Roman/OT:script=cyrl;languag
e=DFLT;!
Missing character: There is no  in font Times New Roman/OT:script=cyrl;languag
e=DFLT;!
Missing character: There is no  in font Times New Roman/OT:script=cyrl;languag
e=DFLT;!
Missing character: There is no  in font Times New Roman/OT:script=cyrl;languag
e=DFLT;!
Missing character: There is no  in font Times New Roman/OT:script=cyrl;languag
e=DFLT;!
Missing character: There is no  in font Times New Roman/OT:script=cyrl;languag
e=DFLT;!
Missing character: There is no  in font Times New Roman/OT:script=cyrl;languag
e=DFLT;!
Missing character: There is no  in font Times New Roman/OT:script=cyrl;languag
e=DFLT;!
Missing character: There is no  in font Times New Roman/OT:script=cyrl;languag
e=DFLT;!
Missing character: There is no  in font Times New Roman/OT:script=cyrl;languag
e=DFLT;!
Missing character: There is no  in font Times New Roman/OT:script=cyrl;languag
e=DFLT;!
Missing character: There is no  in font Times New Roman/OT:script=cyrl;languag
e=DFLT;!
Missing character: There is no  in font Times New Roman/OT:script=cyrl;languag
e=DFLT;!
Missing character: There is no  in font Times New Roman/OT:script=cyrl;languag
e=DFLT;!
Missing character: There is no  in font Times New Roman/OT:script=cyrl;languag
e=DFLT;!
Missing character: There is no  in font Times New Roman/OT:script=cyrl;languag
e=DFLT;!
Missing character: There is no  in font Times New Roman/OT:script=cyrl;languag
e=DFLT;!
Missing character: There is no  in font Times New Roman/OT:script=cyrl;languag
e=DFLT;!
Missing character: There is no  in font Times New Roman/OT:script=cyrl;languag
e=DFLT;!
Missing character: There is no  in font Times New Roman/OT:script=cyrl;languag
e=DFLT;!
Missing character: There is no  in font Times New Roman/OT:script=cyrl;languag
e=DFLT;!
Missing character: There is no  in font Times New Roman/OT:script=cyrl;languag
e=DFLT;!
Missing character: There is no  in font Times New Roman/OT:script=cyrl;languag
e=DFLT;!
Missing character: There is no  in font Times New Roman/OT:script=cyrl;languag
e=DFLT;!
Missing character: There is no  in font Times New Roman/OT:script=cyrl;languag
e=DFLT;!
Missing character: There is no  in font Times New Roman/OT:script=cyrl;languag
e=DFLT;!
[17]

LaTeX Warning: Text page 18 contains only floats.


Overfull \vbox (4.7998pt too high) has occurred while \output is active []


[18]) [19] (./conclusions.tex) [20

] (./literature.tex
Missing character: There is no  in font Times New Roman Bold/OT:script=cyrl;la
nguage=DFLT;!
Missing character: There is no  in font Times New Roman Bold/OT:script=cyrl;la
nguage=DFLT;!
Missing character: There is no  in font Times New Roman Bold/OT:script=cyrl;la
nguage=DFLT;!
Missing character: There is no  in font Times New Roman Bold/OT:script=cyrl;la
nguage=DFLT;!
Missing character: There is no  in font Times New Roman Bold/OT:script=cyrl;la
nguage=DFLT;!
Missing character: There is no  in font Times New Roman Bold/OT:script=cyrl;la
nguage=DFLT;!
Missing character: There is no  in font Times New Roman Bold/OT:script=cyrl;la
nguage=DFLT;!
Missing character: There is no  in font Times New Roman Bold/OT:script=cyrl;la
nguage=DFLT;!
Missing character: There is no  in font Times New Roman Bold/OT:script=cyrl;la
nguage=DFLT;!
Missing character: There is no  in font Times New Roman Bold/OT:script=cyrl;la
nguage=DFLT;!
Missing character: There is no  in font Times New Roman Bold/OT:script=cyrl;la
nguage=DFLT;!
Missing character: There is no  in font Times New Roman Bold/OT:script=cyrl;la
nguage=DFLT;!
Missing character: There is no  in font Times New Roman Bold/OT:script=cyrl;la
nguage=DFLT;!
Missing character: There is no  in font Times New Roman Bold/OT:script=cyrl;la
nguage=DFLT;!
Missing character: There is no  in font Times New Roman Bold/OT:script=cyrl;la
nguage=DFLT;!
Missing character: There is no  in font Times New Roman Bold/OT:script=cyrl;la
nguage=DFLT;!

Underfull \hbox (badness 10000) in paragraph at lines 17--19
[]\l_fontspec_font P.C.Chu and J.E.Beasley "A genetic algorithm for the
 []


Underfull \hbox (badness 10000) in paragraph at lines 26--28
[]\l_fontspec_font Gilmore, P.C. and R.E. Gomory. (1966). The Theory and
 []

) [21

] (c:/texlive/2016/texmf-dist/tex/latex/listings/lstlang1.sty
File: lstlang1.sty 2015/06/04 1.6 listings language file
)
(./SourceCode/KnapsackConfig.cs
(c:/texlive/2016/texmf-dist/tex/latex/euenc/eu1lmtt.fd
File: eu1lmtt.fd 2009/10/30 v1.6 Font defs for Latin Modern
) [22

] [23])
(./SourceCode/GeneticalAlgorithm.cs [24] [25] [26] [27] [28] [29] [30] [31]
[32] [33]) (./SourceCode/SetPartition.cs [34] [35] [36] [37] [38])
(./SourceCode/SetPartitionUtility.cs [39] [40] [41] [42])
(./SourceCode/Program.cs [43] [44] [45]) 
AED: lastpage setting LastPage
[46]

Package caption Warning: Unused \captionsetup[figure] on input line 44.
See the caption package documentation for explanation.


Package natbib Warning: There were undefined citations.

Package atveryend Info: Empty hook `BeforeClearDocument' on input line 42.
Package atveryend Info: Empty hook `AfterLastShipout' on input line 42.
(./diplom.aux)
Package atveryend Info: Empty hook `AtVeryEndDocument' on input line 42.
Package atveryend Info: Empty hook `AtEndAfterFileList' on input line 42.
 ) 
Here is how much of TeX's memory you used:
 29464 strings out of 493591
 501821 string characters out of 6146794
 657515 words of memory out of 5000000
 32468 multiletter control sequences out of 15000+600000
 8903 words of font info for 64 fonts, out of 8000000 for 9000
 1347 hyphenation exceptions out of 8191
 55i,12n,92p,10428b,1998s stack positions out of 5000i,500n,10000p,200000b,80000s

Output written on diplom.pdf (49 pages).
