\BOOKMARK [0][-]{chapter*.3}{\376\377\004\036\004\021\004\036\004\027\004\035\004\020\004\047\004\025\004\035\004\030\004\057\000\040\004\030\000\040\004\041\004\036\004\032\004\040\004\020\004\051\004\025\004\035\004\030\004\057}{}% 1
\BOOKMARK [0][-]{chapter*.4}{\376\377\004\022\004\022\004\025\004\024\004\025\004\035\004\030\004\025}{}% 2
\BOOKMARK [0][-]{chapter.1}{\376\377\004\042\004\065\004\076\004\100\004\065\004\102\004\070\004\107\004\065\004\101\004\072\004\060\004\117\000\040\004\107\004\060\004\101\004\102\004\114}{}% 3
\BOOKMARK [1][-]{section.1.1}{\376\377\004\027\004\060\004\064\004\060\004\107\004\060\000\040\004\076\000\040\004\074\004\075\004\076\004\063\004\076\004\074\004\065\004\100\004\075\004\076\004\074\000\040\004\100\004\116\004\072\004\067\004\060\004\072\004\065}{chapter.1}% 4
\BOOKMARK [2][-]{subsection.1.1.1}{\376\377\004\037\004\076\004\101\004\102\004\060\004\075\004\076\004\062\004\072\004\060\000\040\004\067\004\060\004\064\004\060\004\107\004\070}{section.1.1}% 5
\BOOKMARK [2][-]{subsection.1.1.2}{\376\377\004\024\004\076\004\072\004\060\004\067\004\060\004\102\004\065\004\073\004\114\004\101\004\102\004\062\004\076\000\040\000N\000P\000-\004\077\004\076\004\073\004\075\004\076\004\102\004\113}{section.1.1}% 6
\BOOKMARK [2][-]{subsection.1.1.3}{\376\377\004\022\004\113\004\107\004\070\004\101\004\073\004\070\004\102\004\065\004\073\004\114\004\075\004\060\004\117\000\040\004\101\004\073\004\076\004\066\004\075\004\076\004\101\004\102\004\114\000\040\004\067\004\060\004\064\004\060\004\107\004\070}{section.1.1}% 7
\BOOKMARK [1][-]{section.1.2}{\376\377\004\023\004\065\004\075\004\065\004\102\004\070\004\107\004\065\004\101\004\072\004\070\004\065\000\040\004\060\004\073\004\063\004\076\004\100\004\070\004\102\004\074\004\113}{chapter.1}% 8
\BOOKMARK [2][-]{subsection.1.2.1}{\376\377\004\055\004\102\004\060\004\077\004\113\000\040\004\100\004\060\004\061\004\076\004\102\004\113\000\040\004\060\004\073\004\063\004\076\004\100\004\070\004\102\004\074\004\060}{section.1.2}% 9
\BOOKMARK [2][-]{subsection.1.2.2}{\376\377\004\022\004\113\004\061\004\076\004\100\000\040\004\077\004\060\004\100\004\060\004\074\004\065\004\102\004\100\004\076\004\062\000\040\004\060\004\073\004\063\004\076\004\100\004\070\004\102\004\074\004\060\000\040\004\062\000\040\004\077\004\100\004\070\004\073\004\076\004\066\004\065\004\075\004\070\004\070\000\040\004\072\000\040\004\067\004\060\004\064\004\060\004\107\004\065\000\040\004\076\000\040\004\074\004\075\004\076\004\063\004\076\004\074\004\065\004\100\004\075\004\076\004\074\000\040\004\100\004\116\004\072\004\067\004\060\004\072\004\065}{section.1.2}% 10
\BOOKMARK [2][-]{subsection.1.2.3}{\376\377\004\024\004\076\004\077\004\076\004\073\004\075\004\065\004\075\004\070\004\117\000\040\004\070\000\040\004\103\004\073\004\103\004\107\004\110\004\065\004\075\004\070\004\117\000,\000\040\004\062\004\075\004\065\004\101\004\121\004\075\004\075\004\113\004\065\000\040\004\062\000\040\004\063\004\065\004\075\004\065\004\102\004\070\004\107\004\065\004\101\004\072\004\070\004\071\000\040\004\060\004\073\004\063\004\076\004\100\004\070\004\102\004\074}{section.1.2}% 11
\BOOKMARK [0][-]{chapter.2}{\376\377\004\037\004\100\004\060\004\072\004\102\004\070\004\107\004\065\004\101\004\072\004\060\004\117\000\040\004\107\004\060\004\101\004\102\004\114}{}% 12
\BOOKMARK [1][-]{section.2.1}{\376\377\004\035\004\060\004\061\004\076\004\100\004\113\000\040\004\102\004\065\004\101\004\102\004\076\004\062}{chapter.2}% 13
\BOOKMARK [1][-]{section.2.2}{\376\377\004\037\004\065\004\100\004\062\004\113\004\071\000\040\004\075\004\060\004\061\004\076\004\100\000\040\004\102\004\065\004\101\004\102\004\076\004\062}{chapter.2}% 14
\BOOKMARK [2][-]{subsection.2.2.1}{\376\377\004\034\004\103\004\102\004\060\004\106\004\070\004\117\000\040\004\062\000\040\004\076\004\064\004\075\004\076\004\071\000\040\004\077\004\076\004\067\004\070\004\106\004\070\004\070}{section.2.2}% 15
\BOOKMARK [2][-]{subsection.2.2.2}{\376\377\004\030\004\075\004\062\004\065\004\100\004\101\004\070\004\076\004\075\004\075\004\060\004\117\000\040\004\074\004\103\004\102\004\060\004\106\004\070\004\117}{section.2.2}% 16
\BOOKMARK [2][-]{subsection.2.2.3}{\376\377\004\022\004\113\004\062\004\076\004\064\004\113\000\040\004\077\004\076\000\040\004\077\004\065\004\100\004\062\004\076\004\074\004\103\000\040\004\102\004\065\004\101\004\102\004\070\004\100\004\076\004\062\004\060\004\075\004\070\004\116}{section.2.2}% 17
\BOOKMARK [1][-]{section.2.3}{\376\377\004\022\004\102\004\076\004\100\004\076\004\071\000\040\004\075\004\060\004\061\004\076\004\100\000\040\004\102\004\065\004\101\004\102\004\076\004\062}{chapter.2}% 18
\BOOKMARK [0][-]{chapter*.20}{\376\377\004\027\004\020\004\032\004\033\004\056\004\047\004\025\004\035\004\030\004\025}{}% 19
\BOOKMARK [0][-]{appendix*.22}{\376\377\004\037\004\040\004\030\004\033\004\036\004\026\004\025\004\035\004\030\004\057}{}% 20
\BOOKMARK [0][-]{appendix.A}{\376\377\004\030\004\101\004\105\004\076\004\064\004\075\004\113\004\071\000\040\004\072\004\076\004\064\000\040\004\077\004\100\004\076\004\063\004\100\004\060\004\074\004\074\004\113}{}% 21
